<html>
<head>
<title>TestNG:  Test</title>
<link href="../testng.css" rel="stylesheet" type="text/css" />
<link href="../my-testng.css" rel="stylesheet" type="text/css" />

<style type="text/css">
.log { display: none;} 
.stack-trace { display: none;} 
</style>
<script type="text/javascript">
<!--
function flip(e) {
  current = e.style.display;
  if (current == 'block') {
    e.style.display = 'none';
    return 0;
  }
  else {
    e.style.display = 'block';
    return 1;
  }
}

function toggleBox(szDivId, elem, msg1, msg2)
{
  var res = -1;  if (document.getElementById) {
    res = flip(document.getElementById(szDivId));
  }
  else if (document.all) {
    // this is the way old msie versions work
    res = flip(document.all[szDivId]);
  }
  if(elem) {
    if(res == 0) elem.innerHTML = msg1; else elem.innerHTML = msg2;
  }

}

function toggleAllBoxes() {
  if (document.getElementsByTagName) {
    d = document.getElementsByTagName('div');
    for (i = 0; i < d.length; i++) {
      if (d[i].className == 'log') {
        flip(d[i]);
      }
    }
  }
}

// -->
</script>

</head>
<body>
<h2 align='center'>Test</h2><table border='1' align="center">
<tr>
<td>Tests passed/Failed/Skipped:</td><td>0/0/3</td>
</tr><tr>
<td>Started on:</td><td>Wed Dec 09 08:17:26 IST 2020</td>
</tr>
<tr><td>Total time:</td><td>607 seconds (607555 ms)</td>
</tr><tr>
<td>Included groups:</td><td></td>
</tr><tr>
<td>Excluded groups:</td><td></td>
</tr>
</table><p/>
<small><i>(Hover the method name to see the test class name)</i></small><p/>
<table width='100%' border='1' class='invocation-failed'>
<tr><td colspan='4' align='center'><b>FAILED CONFIGURATIONS</b></td></tr>
<tr><td><b>Test method</b></td>
<td width="30%"><b>Exception</b></td>
<td width="10%"><b>Time (seconds)</b></td>
<td><b>Instance</b></td>
</tr>
<tr>
<td title='testCases.FreeCRMLogin.beforemethod()'><b>beforemethod</b><br>Test class: testCases.FreeCRMLogin</td>
<td><div><pre>org.openqa.selenium.SessionNotCreatedException: session not created
from timeout: Timed out receiving message from renderer: 600.000
  (Session info: chrome=87.0.4280.88)
Build info: version: &apos;3.141.59&apos;, revision: &apos;e82be7d358&apos;, time: &apos;2018-11-14T08:17:03&apos;
System info: host: &apos;RAMYA-PC&apos;, ip: &apos;172.19.80.1&apos;, os.name: &apos;Windows 10&apos;, os.arch: &apos;amd64&apos;, os.version: &apos;10.0&apos;, java.version: &apos;1.8.0_191&apos;
Driver info: driver.version: ChromeDriver
remote stacktrace: Backtrace:
	Ordinal0 [0x0037C0C3+3326147]
	Ordinal0 [0x00260851+2164817]
	Ordinal0 [0x000E7298+619160]
	Ordinal0 [0x000DB17F+569727]
	Ordinal0 [0x000DA421+566305]
	Ordinal0 [0x000DA815+567317]
	Ordinal0 [0x000DA135+565557]
	Ordinal0 [0x000E38B1+604337]
	Ordinal0 [0x000DA0F1+565489]
	Ordinal0 [0x000DAEA2+568994]
	Ordinal0 [0x000DA421+566305]
	Ordinal0 [0x000DA815+567317]
	Ordinal0 [0x000DA135+565557]
	Ordinal0 [0x000E1D2C+597292]
	Ordinal0 [0x000DA0F1+565489]
	Ordinal0 [0x000DAEA2+568994]
	Ordinal0 [0x000DA421+566305]
	Ordinal0 [0x000DA815+567317]
	Ordinal0 [0x000DA135+565557]
	Ordinal0 [0x000DFE62+589410]
	Ordinal0 [0x000DA0F1+565489]
	Ordinal0 [0x000DAEA2+568994]
	Ordinal0 [0x000DA421+566305]
	Ordinal0 [0x000DA815+567317]
	Ordinal0 [0x000DA135+565557]
	Ordinal0 [0x000DF075+585845]
	Ordinal0 [0x000DA0F1+565489]
	Ordinal0 [0x000DAEA2+568994]
	Ordinal0 [0x000DA421+566305]
	Ordinal0 [0x000DA815+567317]
	Ordinal0 [0x000DA135+565557]
	Ordinal0 [0x000D6776+550774]
	Ordinal0 [0x000DA0F1+565489]
	Ordinal0 [0x000D9F13+565011]
	Ordinal0 [0x000D9D07+564487]
	Ordinal0 [0x000E82C0+623296]
	Ordinal0 [0x00086BDD+224221]
	Ordinal0 [0x00085CAC+220332]
	Ordinal0 [0x0008189B+202907]
	Ordinal0 [0x00063DF4+81396]
	Ordinal0 [0x00064DEE+85486]
	Ordinal0 [0x00064D79+85369]
	Ordinal0 [0x002785DC+2262492]
	GetHandleVerifier [0x00502874+1487204]
	GetHandleVerifier [0x005023CD+1486013]
	GetHandleVerifier [0x0050A368+1518680]
	GetHandleVerifier [0x00502F4E+1488958]
	Ordinal0 [0x0026ED0D+2223373]
	Ordinal0 [0x0027A12B+2269483]
	Ordinal0 [0x0027A26F+2269807]
	Ordinal0 [0x0028ECB8+2354360]
	BaseThreadInitThunk [0x768DFA29+25]
	RtlGetAppContainerNamedObjectPath [0x776175F4+228]
	RtlGetAppContainerNamedObjectPath [0x776175C4+180]
	(No symbol) [0x00000000]

	at org.openqa.selenium.remote.W3CHandshakeResponse.lambda$errorHandler$0(W3CHandshakeResponse.java:62)
	at org.openqa.selenium.remote.HandshakeResponse.lambda$getResponseFunction$0(HandshakeResponse.java:30)
	at org.openqa.selenium.remote.ProtocolHandshake.lambda$createSession$0(ProtocolHandshake.java:126)
	at java.util.stream.ReferencePipeline$3$1.accept(ReferencePipeline.java:193)
	at java.util.Spliterators$ArraySpliterator.tryAdvance(Spliterators.java:958)
	at java.util.stream.ReferencePipeline.forEachWithCancel(ReferencePipeline.java:126)
	at java.util.stream.AbstractPipeline.copyIntoWithCancel(AbstractPipeline.java:498)
	at java.util.stream.AbstractPipeline.copyInto(AbstractPipeline.java:485)
	at java.util.stream.AbstractPipeline.wrapAndCopyInto(AbstractPipeline.java:471)
	at java.util.stream.FindOps$FindOp.evaluateSequential(FindOps.java:152)
	at java.util.stream.AbstractPipeline.evaluate(AbstractPipeline.java:234)
	at java.util.stream.ReferencePipeline.findFirst(ReferencePipeline.java:464)
	at org.openqa.selenium.remote.ProtocolHandshake.createSession(ProtocolHandshake.java:128)
	at org.openqa.selenium.remote.ProtocolHandshake.createSession(ProtocolHandshake.java:74)
	at org.openqa.selenium.remote.HttpCommandExecutor.execute(HttpCommandExecutor.java:136)
	at org.openqa.selenium.remote.service.DriverCommandExecutor.execute(DriverCommandExecutor.java:83)
	at org.openqa.selenium.remote.RemoteWebDriver.execute(RemoteWebDriver.java:552)
	at org.openqa.selenium.remote.RemoteWebDriver.startSession(RemoteWebDriver.java:213)
	at org.openqa.selenium.remote.RemoteWebDriver.&lt;init&gt;(RemoteWebDriver.java:131)
	at org.openqa.selenium.chrome.ChromeDriver.&lt;init&gt;(ChromeDriver.java:181)
	at org.openqa.selenium.chrome.ChromeDriver.&lt;init&gt;(ChromeDriver.java:168)
	at org.openqa.selenium.chrome.ChromeDriver.&lt;init&gt;(ChromeDriver.java:123)
	at testCases.FreeCRMLogin.beforemethod(FreeCRMLogin.java:24)
... Removed 37 stack frames</pre></div><a href='#' onClick='toggleBox("stack-trace1771667101", this, "Click to show all stack frames", "Click to hide stack frames")'>Click to show all stack frames</a>
<div class='stack-trace' id='stack-trace1771667101'><pre>org.openqa.selenium.SessionNotCreatedException: session not created
from timeout: Timed out receiving message from renderer: 600.000
  (Session info: chrome=87.0.4280.88)
Build info: version: &apos;3.141.59&apos;, revision: &apos;e82be7d358&apos;, time: &apos;2018-11-14T08:17:03&apos;
System info: host: &apos;RAMYA-PC&apos;, ip: &apos;172.19.80.1&apos;, os.name: &apos;Windows 10&apos;, os.arch: &apos;amd64&apos;, os.version: &apos;10.0&apos;, java.version: &apos;1.8.0_191&apos;
Driver info: driver.version: ChromeDriver
remote stacktrace: Backtrace:
	Ordinal0 [0x0037C0C3+3326147]
	Ordinal0 [0x00260851+2164817]
	Ordinal0 [0x000E7298+619160]
	Ordinal0 [0x000DB17F+569727]
	Ordinal0 [0x000DA421+566305]
	Ordinal0 [0x000DA815+567317]
	Ordinal0 [0x000DA135+565557]
	Ordinal0 [0x000E38B1+604337]
	Ordinal0 [0x000DA0F1+565489]
	Ordinal0 [0x000DAEA2+568994]
	Ordinal0 [0x000DA421+566305]
	Ordinal0 [0x000DA815+567317]
	Ordinal0 [0x000DA135+565557]
	Ordinal0 [0x000E1D2C+597292]
	Ordinal0 [0x000DA0F1+565489]
	Ordinal0 [0x000DAEA2+568994]
	Ordinal0 [0x000DA421+566305]
	Ordinal0 [0x000DA815+567317]
	Ordinal0 [0x000DA135+565557]
	Ordinal0 [0x000DFE62+589410]
	Ordinal0 [0x000DA0F1+565489]
	Ordinal0 [0x000DAEA2+568994]
	Ordinal0 [0x000DA421+566305]
	Ordinal0 [0x000DA815+567317]
	Ordinal0 [0x000DA135+565557]
	Ordinal0 [0x000DF075+585845]
	Ordinal0 [0x000DA0F1+565489]
	Ordinal0 [0x000DAEA2+568994]
	Ordinal0 [0x000DA421+566305]
	Ordinal0 [0x000DA815+567317]
	Ordinal0 [0x000DA135+565557]
	Ordinal0 [0x000D6776+550774]
	Ordinal0 [0x000DA0F1+565489]
	Ordinal0 [0x000D9F13+565011]
	Ordinal0 [0x000D9D07+564487]
	Ordinal0 [0x000E82C0+623296]
	Ordinal0 [0x00086BDD+224221]
	Ordinal0 [0x00085CAC+220332]
	Ordinal0 [0x0008189B+202907]
	Ordinal0 [0x00063DF4+81396]
	Ordinal0 [0x00064DEE+85486]
	Ordinal0 [0x00064D79+85369]
	Ordinal0 [0x002785DC+2262492]
	GetHandleVerifier [0x00502874+1487204]
	GetHandleVerifier [0x005023CD+1486013]
	GetHandleVerifier [0x0050A368+1518680]
	GetHandleVerifier [0x00502F4E+1488958]
	Ordinal0 [0x0026ED0D+2223373]
	Ordinal0 [0x0027A12B+2269483]
	Ordinal0 [0x0027A26F+2269807]
	Ordinal0 [0x0028ECB8+2354360]
	BaseThreadInitThunk [0x768DFA29+25]
	RtlGetAppContainerNamedObjectPath [0x776175F4+228]
	RtlGetAppContainerNamedObjectPath [0x776175C4+180]
	(No symbol) [0x00000000]

	at sun.reflect.NativeConstructorAccessorImpl.newInstance0(Native Method)
	at sun.reflect.NativeConstructorAccessorImpl.newInstance(NativeConstructorAccessorImpl.java:62)
	at sun.reflect.DelegatingConstructorAccessorImpl.newInstance(DelegatingConstructorAccessorImpl.java:45)
	at java.lang.reflect.Constructor.newInstance(Constructor.java:423)
	at org.openqa.selenium.remote.W3CHandshakeResponse.lambda$errorHandler$0(W3CHandshakeResponse.java:62)
	at org.openqa.selenium.remote.HandshakeResponse.lambda$getResponseFunction$0(HandshakeResponse.java:30)
	at org.openqa.selenium.remote.ProtocolHandshake.lambda$createSession$0(ProtocolHandshake.java:126)
	at java.util.stream.ReferencePipeline$3$1.accept(ReferencePipeline.java:193)
	at java.util.Spliterators$ArraySpliterator.tryAdvance(Spliterators.java:958)
	at java.util.stream.ReferencePipeline.forEachWithCancel(ReferencePipeline.java:126)
	at java.util.stream.AbstractPipeline.copyIntoWithCancel(AbstractPipeline.java:498)
	at java.util.stream.AbstractPipeline.copyInto(AbstractPipeline.java:485)
	at java.util.stream.AbstractPipeline.wrapAndCopyInto(AbstractPipeline.java:471)
	at java.util.stream.FindOps$FindOp.evaluateSequential(FindOps.java:152)
	at java.util.stream.AbstractPipeline.evaluate(AbstractPipeline.java:234)
	at java.util.stream.ReferencePipeline.findFirst(ReferencePipeline.java:464)
	at org.openqa.selenium.remote.ProtocolHandshake.createSession(ProtocolHandshake.java:128)
	at org.openqa.selenium.remote.ProtocolHandshake.createSession(ProtocolHandshake.java:74)
	at org.openqa.selenium.remote.HttpCommandExecutor.execute(HttpCommandExecutor.java:136)
	at org.openqa.selenium.remote.service.DriverCommandExecutor.execute(DriverCommandExecutor.java:83)
	at org.openqa.selenium.remote.RemoteWebDriver.execute(RemoteWebDriver.java:552)
	at org.openqa.selenium.remote.RemoteWebDriver.startSession(RemoteWebDriver.java:213)
	at org.openqa.selenium.remote.RemoteWebDriver.&lt;init&gt;(RemoteWebDriver.java:131)
	at org.openqa.selenium.chrome.ChromeDriver.&lt;init&gt;(ChromeDriver.java:181)
	at org.openqa.selenium.chrome.ChromeDriver.&lt;init&gt;(ChromeDriver.java:168)
	at org.openqa.selenium.chrome.ChromeDriver.&lt;init&gt;(ChromeDriver.java:123)
	at testCases.FreeCRMLogin.beforemethod(FreeCRMLogin.java:24)
	at sun.reflect.NativeMethodAccessorImpl.invoke0(Native Method)
	at sun.reflect.NativeMethodAccessorImpl.invoke(NativeMethodAccessorImpl.java:62)
	at sun.reflect.DelegatingMethodAccessorImpl.invoke(DelegatingMethodAccessorImpl.java:43)
	at java.lang.reflect.Method.invoke(Method.java:498)
	at org.testng.internal.MethodInvocationHelper.invokeMethod(MethodInvocationHelper.java:124)
	at org.testng.internal.MethodInvocationHelper.invokeMethodConsideringTimeout(MethodInvocationHelper.java:59)
	at org.testng.internal.Invoker.invokeConfigurationMethod(Invoker.java:458)
	at org.testng.internal.Invoker.invokeConfigurations(Invoker.java:222)
	at org.testng.internal.Invoker.invokeConfigurations(Invoker.java:142)
	at org.testng.TestRunner.beforeRun(TestRunner.java:529)
	at org.testng.TestRunner.run(TestRunner.java:497)
	at org.testng.SuiteRunner.runTest(SuiteRunner.java:455)
	at org.testng.SuiteRunner.runSequentially(SuiteRunner.java:450)
	at org.testng.SuiteRunner.privateRun(SuiteRunner.java:415)
	at org.testng.SuiteRunner.run(SuiteRunner.java:364)
	at org.testng.SuiteRunnerWorker.runSuite(SuiteRunnerWorker.java:52)
	at org.testng.SuiteRunnerWorker.run(SuiteRunnerWorker.java:84)
	at org.testng.TestNG.runSuitesSequentially(TestNG.java:1208)
	at org.testng.TestNG.runSuitesLocally(TestNG.java:1137)
	at org.testng.TestNG.runSuites(TestNG.java:1049)
	at org.testng.TestNG.run(TestNG.java:1017)
	at org.apache.maven.surefire.testng.TestNGExecutor.run(TestNGExecutor.java:177)
	at org.apache.maven.surefire.testng.TestNGXmlTestSuite.execute(TestNGXmlTestSuite.java:92)
	at org.apache.maven.surefire.testng.TestNGProvider.invoke(TestNGProvider.java:105)
	at sun.reflect.NativeMethodAccessorImpl.invoke0(Native Method)
	at sun.reflect.NativeMethodAccessorImpl.invoke(NativeMethodAccessorImpl.java:62)
	at sun.reflect.DelegatingMethodAccessorImpl.invoke(DelegatingMethodAccessorImpl.java:43)
	at java.lang.reflect.Method.invoke(Method.java:498)
	at org.apache.maven.surefire.util.ReflectionUtils.invokeMethodWithArray(ReflectionUtils.java:189)
	at org.apache.maven.surefire.booter.ProviderFactory$ProviderProxy.invoke(ProviderFactory.java:165)
	at org.apache.maven.surefire.booter.ProviderFactory.invokeProvider(ProviderFactory.java:85)
	at org.apache.maven.surefire.booter.ForkedBooter.runSuitesInProcess(ForkedBooter.java:103)
	at org.apache.maven.surefire.booter.ForkedBooter.main(ForkedBooter.java:74)
</pre></div></td>
<td>607</td>
<td>testCases.FreeCRMLogin@73f792cf</td></tr>
</table><p>
<table width='100%' border='1' class='invocation-skipped'>
<tr><td colspan='4' align='center'><b>SKIPPED CONFIGURATIONS</b></td></tr>
<tr><td><b>Test method</b></td>
<td width="30%"><b>Exception</b></td>
<td width="10%"><b>Time (seconds)</b></td>
<td><b>Instance</b></td>
</tr>
<tr>
<td title='testCases.FreeCRMLogin.login()'><b>login</b><br>Test class: testCases.FreeCRMLogin</td>
<td></td>
<td>0</td>
<td>testCases.FreeCRMLogin@73f792cf</td></tr>
<tr>
<td title='testCases.FreeCRMLogin.logoff()'><b>logoff</b><br>Test class: testCases.FreeCRMLogin</td>
<td></td>
<td>0</td>
<td>testCases.FreeCRMLogin@73f792cf</td></tr>
<tr>
<td title='testCases.FreeCRMLogin.aftermethod()'><b>aftermethod</b><br>Test class: testCases.FreeCRMLogin</td>
<td></td>
<td>0</td>
<td>testCases.FreeCRMLogin@73f792cf</td></tr>
</table><p>
<table width='100%' border='1' class='invocation-skipped'>
<tr><td colspan='4' align='center'><b>SKIPPED TESTS</b></td></tr>
<tr><td><b>Test method</b></td>
<td width="30%"><b>Exception</b></td>
<td width="10%"><b>Time (seconds)</b></td>
<td><b>Instance</b></td>
</tr>
<tr>
<td title='testCases.FreeCRMLogin.calenderLink()'><b>calenderLink</b><br>Test class: testCases.FreeCRMLogin</td>
<td><div><pre>org.openqa.selenium.SessionNotCreatedException: session not created
from timeout: Timed out receiving message from renderer: 600.000
  (Session info: chrome=87.0.4280.88)
Build info: version: &apos;3.141.59&apos;, revision: &apos;e82be7d358&apos;, time: &apos;2018-11-14T08:17:03&apos;
System info: host: &apos;RAMYA-PC&apos;, ip: &apos;172.19.80.1&apos;, os.name: &apos;Windows 10&apos;, os.arch: &apos;amd64&apos;, os.version: &apos;10.0&apos;, java.version: &apos;1.8.0_191&apos;
Driver info: driver.version: ChromeDriver
remote stacktrace: Backtrace:
	Ordinal0 [0x0037C0C3+3326147]
	Ordinal0 [0x00260851+2164817]
	Ordinal0 [0x000E7298+619160]
	Ordinal0 [0x000DB17F+569727]
	Ordinal0 [0x000DA421+566305]
	Ordinal0 [0x000DA815+567317]
	Ordinal0 [0x000DA135+565557]
	Ordinal0 [0x000E38B1+604337]
	Ordinal0 [0x000DA0F1+565489]
	Ordinal0 [0x000DAEA2+568994]
	Ordinal0 [0x000DA421+566305]
	Ordinal0 [0x000DA815+567317]
	Ordinal0 [0x000DA135+565557]
	Ordinal0 [0x000E1D2C+597292]
	Ordinal0 [0x000DA0F1+565489]
	Ordinal0 [0x000DAEA2+568994]
	Ordinal0 [0x000DA421+566305]
	Ordinal0 [0x000DA815+567317]
	Ordinal0 [0x000DA135+565557]
	Ordinal0 [0x000DFE62+589410]
	Ordinal0 [0x000DA0F1+565489]
	Ordinal0 [0x000DAEA2+568994]
	Ordinal0 [0x000DA421+566305]
	Ordinal0 [0x000DA815+567317]
	Ordinal0 [0x000DA135+565557]
	Ordinal0 [0x000DF075+585845]
	Ordinal0 [0x000DA0F1+565489]
	Ordinal0 [0x000DAEA2+568994]
	Ordinal0 [0x000DA421+566305]
	Ordinal0 [0x000DA815+567317]
	Ordinal0 [0x000DA135+565557]
	Ordinal0 [0x000D6776+550774]
	Ordinal0 [0x000DA0F1+565489]
	Ordinal0 [0x000D9F13+565011]
	Ordinal0 [0x000D9D07+564487]
	Ordinal0 [0x000E82C0+623296]
	Ordinal0 [0x00086BDD+224221]
	Ordinal0 [0x00085CAC+220332]
	Ordinal0 [0x0008189B+202907]
	Ordinal0 [0x00063DF4+81396]
	Ordinal0 [0x00064DEE+85486]
	Ordinal0 [0x00064D79+85369]
	Ordinal0 [0x002785DC+2262492]
	GetHandleVerifier [0x00502874+1487204]
	GetHandleVerifier [0x005023CD+1486013]
	GetHandleVerifier [0x0050A368+1518680]
	GetHandleVerifier [0x00502F4E+1488958]
	Ordinal0 [0x0026ED0D+2223373]
	Ordinal0 [0x0027A12B+2269483]
	Ordinal0 [0x0027A26F+2269807]
	Ordinal0 [0x0028ECB8+2354360]
	BaseThreadInitThunk [0x768DFA29+25]
	RtlGetAppContainerNamedObjectPath [0x776175F4+228]
	RtlGetAppContainerNamedObjectPath [0x776175C4+180]
	(No symbol) [0x00000000]

	at org.openqa.selenium.remote.W3CHandshakeResponse.lambda$errorHandler$0(W3CHandshakeResponse.java:62)
	at org.openqa.selenium.remote.HandshakeResponse.lambda$getResponseFunction$0(HandshakeResponse.java:30)
	at org.openqa.selenium.remote.ProtocolHandshake.lambda$createSession$0(ProtocolHandshake.java:126)
	at java.util.stream.ReferencePipeline$3$1.accept(ReferencePipeline.java:193)
	at java.util.Spliterators$ArraySpliterator.tryAdvance(Spliterators.java:958)
	at java.util.stream.ReferencePipeline.forEachWithCancel(ReferencePipeline.java:126)
	at java.util.stream.AbstractPipeline.copyIntoWithCancel(AbstractPipeline.java:498)
	at java.util.stream.AbstractPipeline.copyInto(AbstractPipeline.java:485)
	at java.util.stream.AbstractPipeline.wrapAndCopyInto(AbstractPipeline.java:471)
	at java.util.stream.FindOps$FindOp.evaluateSequential(FindOps.java:152)
	at java.util.stream.AbstractPipeline.evaluate(AbstractPipeline.java:234)
	at java.util.stream.ReferencePipeline.findFirst(ReferencePipeline.java:464)
	at org.openqa.selenium.remote.ProtocolHandshake.createSession(ProtocolHandshake.java:128)
	at org.openqa.selenium.remote.ProtocolHandshake.createSession(ProtocolHandshake.java:74)
	at org.openqa.selenium.remote.HttpCommandExecutor.execute(HttpCommandExecutor.java:136)
	at org.openqa.selenium.remote.service.DriverCommandExecutor.execute(DriverCommandExecutor.java:83)
	at org.openqa.selenium.remote.RemoteWebDriver.execute(RemoteWebDriver.java:552)
	at org.openqa.selenium.remote.RemoteWebDriver.startSession(RemoteWebDriver.java:213)
	at org.openqa.selenium.remote.RemoteWebDriver.&lt;init&gt;(RemoteWebDriver.java:131)
	at org.openqa.selenium.chrome.ChromeDriver.&lt;init&gt;(ChromeDriver.java:181)
	at org.openqa.selenium.chrome.ChromeDriver.&lt;init&gt;(ChromeDriver.java:168)
	at org.openqa.selenium.chrome.ChromeDriver.&lt;init&gt;(ChromeDriver.java:123)
	at testCases.FreeCRMLogin.beforemethod(FreeCRMLogin.java:24)
... Removed 37 stack frames</pre></div><a href='#' onClick='toggleBox("stack-trace259219561", this, "Click to show all stack frames", "Click to hide stack frames")'>Click to show all stack frames</a>
<div class='stack-trace' id='stack-trace259219561'><pre>org.openqa.selenium.SessionNotCreatedException: session not created
from timeout: Timed out receiving message from renderer: 600.000
  (Session info: chrome=87.0.4280.88)
Build info: version: &apos;3.141.59&apos;, revision: &apos;e82be7d358&apos;, time: &apos;2018-11-14T08:17:03&apos;
System info: host: &apos;RAMYA-PC&apos;, ip: &apos;172.19.80.1&apos;, os.name: &apos;Windows 10&apos;, os.arch: &apos;amd64&apos;, os.version: &apos;10.0&apos;, java.version: &apos;1.8.0_191&apos;
Driver info: driver.version: ChromeDriver
remote stacktrace: Backtrace:
	Ordinal0 [0x0037C0C3+3326147]
	Ordinal0 [0x00260851+2164817]
	Ordinal0 [0x000E7298+619160]
	Ordinal0 [0x000DB17F+569727]
	Ordinal0 [0x000DA421+566305]
	Ordinal0 [0x000DA815+567317]
	Ordinal0 [0x000DA135+565557]
	Ordinal0 [0x000E38B1+604337]
	Ordinal0 [0x000DA0F1+565489]
	Ordinal0 [0x000DAEA2+568994]
	Ordinal0 [0x000DA421+566305]
	Ordinal0 [0x000DA815+567317]
	Ordinal0 [0x000DA135+565557]
	Ordinal0 [0x000E1D2C+597292]
	Ordinal0 [0x000DA0F1+565489]
	Ordinal0 [0x000DAEA2+568994]
	Ordinal0 [0x000DA421+566305]
	Ordinal0 [0x000DA815+567317]
	Ordinal0 [0x000DA135+565557]
	Ordinal0 [0x000DFE62+589410]
	Ordinal0 [0x000DA0F1+565489]
	Ordinal0 [0x000DAEA2+568994]
	Ordinal0 [0x000DA421+566305]
	Ordinal0 [0x000DA815+567317]
	Ordinal0 [0x000DA135+565557]
	Ordinal0 [0x000DF075+585845]
	Ordinal0 [0x000DA0F1+565489]
	Ordinal0 [0x000DAEA2+568994]
	Ordinal0 [0x000DA421+566305]
	Ordinal0 [0x000DA815+567317]
	Ordinal0 [0x000DA135+565557]
	Ordinal0 [0x000D6776+550774]
	Ordinal0 [0x000DA0F1+565489]
	Ordinal0 [0x000D9F13+565011]
	Ordinal0 [0x000D9D07+564487]
	Ordinal0 [0x000E82C0+623296]
	Ordinal0 [0x00086BDD+224221]
	Ordinal0 [0x00085CAC+220332]
	Ordinal0 [0x0008189B+202907]
	Ordinal0 [0x00063DF4+81396]
	Ordinal0 [0x00064DEE+85486]
	Ordinal0 [0x00064D79+85369]
	Ordinal0 [0x002785DC+2262492]
	GetHandleVerifier [0x00502874+1487204]
	GetHandleVerifier [0x005023CD+1486013]
	GetHandleVerifier [0x0050A368+1518680]
	GetHandleVerifier [0x00502F4E+1488958]
	Ordinal0 [0x0026ED0D+2223373]
	Ordinal0 [0x0027A12B+2269483]
	Ordinal0 [0x0027A26F+2269807]
	Ordinal0 [0x0028ECB8+2354360]
	BaseThreadInitThunk [0x768DFA29+25]
	RtlGetAppContainerNamedObjectPath [0x776175F4+228]
	RtlGetAppContainerNamedObjectPath [0x776175C4+180]
	(No symbol) [0x00000000]

	at sun.reflect.NativeConstructorAccessorImpl.newInstance0(Native Method)
	at sun.reflect.NativeConstructorAccessorImpl.newInstance(NativeConstructorAccessorImpl.java:62)
	at sun.reflect.DelegatingConstructorAccessorImpl.newInstance(DelegatingConstructorAccessorImpl.java:45)
	at java.lang.reflect.Constructor.newInstance(Constructor.java:423)
	at org.openqa.selenium.remote.W3CHandshakeResponse.lambda$errorHandler$0(W3CHandshakeResponse.java:62)
	at org.openqa.selenium.remote.HandshakeResponse.lambda$getResponseFunction$0(HandshakeResponse.java:30)
	at org.openqa.selenium.remote.ProtocolHandshake.lambda$createSession$0(ProtocolHandshake.java:126)
	at java.util.stream.ReferencePipeline$3$1.accept(ReferencePipeline.java:193)
	at java.util.Spliterators$ArraySpliterator.tryAdvance(Spliterators.java:958)
	at java.util.stream.ReferencePipeline.forEachWithCancel(ReferencePipeline.java:126)
	at java.util.stream.AbstractPipeline.copyIntoWithCancel(AbstractPipeline.java:498)
	at java.util.stream.AbstractPipeline.copyInto(AbstractPipeline.java:485)
	at java.util.stream.AbstractPipeline.wrapAndCopyInto(AbstractPipeline.java:471)
	at java.util.stream.FindOps$FindOp.evaluateSequential(FindOps.java:152)
	at java.util.stream.AbstractPipeline.evaluate(AbstractPipeline.java:234)
	at java.util.stream.ReferencePipeline.findFirst(ReferencePipeline.java:464)
	at org.openqa.selenium.remote.ProtocolHandshake.createSession(ProtocolHandshake.java:128)
	at org.openqa.selenium.remote.ProtocolHandshake.createSession(ProtocolHandshake.java:74)
	at org.openqa.selenium.remote.HttpCommandExecutor.execute(HttpCommandExecutor.java:136)
	at org.openqa.selenium.remote.service.DriverCommandExecutor.execute(DriverCommandExecutor.java:83)
	at org.openqa.selenium.remote.RemoteWebDriver.execute(RemoteWebDriver.java:552)
	at org.openqa.selenium.remote.RemoteWebDriver.startSession(RemoteWebDriver.java:213)
	at org.openqa.selenium.remote.RemoteWebDriver.&lt;init&gt;(RemoteWebDriver.java:131)
	at org.openqa.selenium.chrome.ChromeDriver.&lt;init&gt;(ChromeDriver.java:181)
	at org.openqa.selenium.chrome.ChromeDriver.&lt;init&gt;(ChromeDriver.java:168)
	at org.openqa.selenium.chrome.ChromeDriver.&lt;init&gt;(ChromeDriver.java:123)
	at testCases.FreeCRMLogin.beforemethod(FreeCRMLogin.java:24)
	at sun.reflect.NativeMethodAccessorImpl.invoke0(Native Method)
	at sun.reflect.NativeMethodAccessorImpl.invoke(NativeMethodAccessorImpl.java:62)
	at sun.reflect.DelegatingMethodAccessorImpl.invoke(DelegatingMethodAccessorImpl.java:43)
	at java.lang.reflect.Method.invoke(Method.java:498)
	at org.testng.internal.MethodInvocationHelper.invokeMethod(MethodInvocationHelper.java:124)
	at org.testng.internal.MethodInvocationHelper.invokeMethodConsideringTimeout(MethodInvocationHelper.java:59)
	at org.testng.internal.Invoker.invokeConfigurationMethod(Invoker.java:458)
	at org.testng.internal.Invoker.invokeConfigurations(Invoker.java:222)
	at org.testng.internal.Invoker.invokeConfigurations(Invoker.java:142)
	at org.testng.TestRunner.beforeRun(TestRunner.java:529)
	at org.testng.TestRunner.run(TestRunner.java:497)
	at org.testng.SuiteRunner.runTest(SuiteRunner.java:455)
	at org.testng.SuiteRunner.runSequentially(SuiteRunner.java:450)
	at org.testng.SuiteRunner.privateRun(SuiteRunner.java:415)
	at org.testng.SuiteRunner.run(SuiteRunner.java:364)
	at org.testng.SuiteRunnerWorker.runSuite(SuiteRunnerWorker.java:52)
	at org.testng.SuiteRunnerWorker.run(SuiteRunnerWorker.java:84)
	at org.testng.TestNG.runSuitesSequentially(TestNG.java:1208)
	at org.testng.TestNG.runSuitesLocally(TestNG.java:1137)
	at org.testng.TestNG.runSuites(TestNG.java:1049)
	at org.testng.TestNG.run(TestNG.java:1017)
	at org.apache.maven.surefire.testng.TestNGExecutor.run(TestNGExecutor.java:177)
	at org.apache.maven.surefire.testng.TestNGXmlTestSuite.execute(TestNGXmlTestSuite.java:92)
	at org.apache.maven.surefire.testng.TestNGProvider.invoke(TestNGProvider.java:105)
	at sun.reflect.NativeMethodAccessorImpl.invoke0(Native Method)
	at sun.reflect.NativeMethodAccessorImpl.invoke(NativeMethodAccessorImpl.java:62)
	at sun.reflect.DelegatingMethodAccessorImpl.invoke(DelegatingMethodAccessorImpl.java:43)
	at java.lang.reflect.Method.invoke(Method.java:498)
	at org.apache.maven.surefire.util.ReflectionUtils.invokeMethodWithArray(ReflectionUtils.java:189)
	at org.apache.maven.surefire.booter.ProviderFactory$ProviderProxy.invoke(ProviderFactory.java:165)
	at org.apache.maven.surefire.booter.ProviderFactory.invokeProvider(ProviderFactory.java:85)
	at org.apache.maven.surefire.booter.ForkedBooter.runSuitesInProcess(ForkedBooter.java:103)
	at org.apache.maven.surefire.booter.ForkedBooter.main(ForkedBooter.java:74)
</pre></div></td>
<td>0</td>
<td>testCases.FreeCRMLogin@73f792cf</td></tr>
<tr>
<td title='testCases.FreeCRMLogin.companiesLink()'><b>companiesLink</b><br>Test class: testCases.FreeCRMLogin</td>
<td><div><pre>org.openqa.selenium.SessionNotCreatedException: session not created
from timeout: Timed out receiving message from renderer: 600.000
  (Session info: chrome=87.0.4280.88)
Build info: version: &apos;3.141.59&apos;, revision: &apos;e82be7d358&apos;, time: &apos;2018-11-14T08:17:03&apos;
System info: host: &apos;RAMYA-PC&apos;, ip: &apos;172.19.80.1&apos;, os.name: &apos;Windows 10&apos;, os.arch: &apos;amd64&apos;, os.version: &apos;10.0&apos;, java.version: &apos;1.8.0_191&apos;
Driver info: driver.version: ChromeDriver
remote stacktrace: Backtrace:
	Ordinal0 [0x0037C0C3+3326147]
	Ordinal0 [0x00260851+2164817]
	Ordinal0 [0x000E7298+619160]
	Ordinal0 [0x000DB17F+569727]
	Ordinal0 [0x000DA421+566305]
	Ordinal0 [0x000DA815+567317]
	Ordinal0 [0x000DA135+565557]
	Ordinal0 [0x000E38B1+604337]
	Ordinal0 [0x000DA0F1+565489]
	Ordinal0 [0x000DAEA2+568994]
	Ordinal0 [0x000DA421+566305]
	Ordinal0 [0x000DA815+567317]
	Ordinal0 [0x000DA135+565557]
	Ordinal0 [0x000E1D2C+597292]
	Ordinal0 [0x000DA0F1+565489]
	Ordinal0 [0x000DAEA2+568994]
	Ordinal0 [0x000DA421+566305]
	Ordinal0 [0x000DA815+567317]
	Ordinal0 [0x000DA135+565557]
	Ordinal0 [0x000DFE62+589410]
	Ordinal0 [0x000DA0F1+565489]
	Ordinal0 [0x000DAEA2+568994]
	Ordinal0 [0x000DA421+566305]
	Ordinal0 [0x000DA815+567317]
	Ordinal0 [0x000DA135+565557]
	Ordinal0 [0x000DF075+585845]
	Ordinal0 [0x000DA0F1+565489]
	Ordinal0 [0x000DAEA2+568994]
	Ordinal0 [0x000DA421+566305]
	Ordinal0 [0x000DA815+567317]
	Ordinal0 [0x000DA135+565557]
	Ordinal0 [0x000D6776+550774]
	Ordinal0 [0x000DA0F1+565489]
	Ordinal0 [0x000D9F13+565011]
	Ordinal0 [0x000D9D07+564487]
	Ordinal0 [0x000E82C0+623296]
	Ordinal0 [0x00086BDD+224221]
	Ordinal0 [0x00085CAC+220332]
	Ordinal0 [0x0008189B+202907]
	Ordinal0 [0x00063DF4+81396]
	Ordinal0 [0x00064DEE+85486]
	Ordinal0 [0x00064D79+85369]
	Ordinal0 [0x002785DC+2262492]
	GetHandleVerifier [0x00502874+1487204]
	GetHandleVerifier [0x005023CD+1486013]
	GetHandleVerifier [0x0050A368+1518680]
	GetHandleVerifier [0x00502F4E+1488958]
	Ordinal0 [0x0026ED0D+2223373]
	Ordinal0 [0x0027A12B+2269483]
	Ordinal0 [0x0027A26F+2269807]
	Ordinal0 [0x0028ECB8+2354360]
	BaseThreadInitThunk [0x768DFA29+25]
	RtlGetAppContainerNamedObjectPath [0x776175F4+228]
	RtlGetAppContainerNamedObjectPath [0x776175C4+180]
	(No symbol) [0x00000000]

	at org.openqa.selenium.remote.W3CHandshakeResponse.lambda$errorHandler$0(W3CHandshakeResponse.java:62)
	at org.openqa.selenium.remote.HandshakeResponse.lambda$getResponseFunction$0(HandshakeResponse.java:30)
	at org.openqa.selenium.remote.ProtocolHandshake.lambda$createSession$0(ProtocolHandshake.java:126)
	at java.util.stream.ReferencePipeline$3$1.accept(ReferencePipeline.java:193)
	at java.util.Spliterators$ArraySpliterator.tryAdvance(Spliterators.java:958)
	at java.util.stream.ReferencePipeline.forEachWithCancel(ReferencePipeline.java:126)
	at java.util.stream.AbstractPipeline.copyIntoWithCancel(AbstractPipeline.java:498)
	at java.util.stream.AbstractPipeline.copyInto(AbstractPipeline.java:485)
	at java.util.stream.AbstractPipeline.wrapAndCopyInto(AbstractPipeline.java:471)
	at java.util.stream.FindOps$FindOp.evaluateSequential(FindOps.java:152)
	at java.util.stream.AbstractPipeline.evaluate(AbstractPipeline.java:234)
	at java.util.stream.ReferencePipeline.findFirst(ReferencePipeline.java:464)
	at org.openqa.selenium.remote.ProtocolHandshake.createSession(ProtocolHandshake.java:128)
	at org.openqa.selenium.remote.ProtocolHandshake.createSession(ProtocolHandshake.java:74)
	at org.openqa.selenium.remote.HttpCommandExecutor.execute(HttpCommandExecutor.java:136)
	at org.openqa.selenium.remote.service.DriverCommandExecutor.execute(DriverCommandExecutor.java:83)
	at org.openqa.selenium.remote.RemoteWebDriver.execute(RemoteWebDriver.java:552)
	at org.openqa.selenium.remote.RemoteWebDriver.startSession(RemoteWebDriver.java:213)
	at org.openqa.selenium.remote.RemoteWebDriver.&lt;init&gt;(RemoteWebDriver.java:131)
	at org.openqa.selenium.chrome.ChromeDriver.&lt;init&gt;(ChromeDriver.java:181)
	at org.openqa.selenium.chrome.ChromeDriver.&lt;init&gt;(ChromeDriver.java:168)
	at org.openqa.selenium.chrome.ChromeDriver.&lt;init&gt;(ChromeDriver.java:123)
	at testCases.FreeCRMLogin.beforemethod(FreeCRMLogin.java:24)
... Removed 37 stack frames</pre></div><a href='#' onClick='toggleBox("stack-trace550302731", this, "Click to show all stack frames", "Click to hide stack frames")'>Click to show all stack frames</a>
<div class='stack-trace' id='stack-trace550302731'><pre>org.openqa.selenium.SessionNotCreatedException: session not created
from timeout: Timed out receiving message from renderer: 600.000
  (Session info: chrome=87.0.4280.88)
Build info: version: &apos;3.141.59&apos;, revision: &apos;e82be7d358&apos;, time: &apos;2018-11-14T08:17:03&apos;
System info: host: &apos;RAMYA-PC&apos;, ip: &apos;172.19.80.1&apos;, os.name: &apos;Windows 10&apos;, os.arch: &apos;amd64&apos;, os.version: &apos;10.0&apos;, java.version: &apos;1.8.0_191&apos;
Driver info: driver.version: ChromeDriver
remote stacktrace: Backtrace:
	Ordinal0 [0x0037C0C3+3326147]
	Ordinal0 [0x00260851+2164817]
	Ordinal0 [0x000E7298+619160]
	Ordinal0 [0x000DB17F+569727]
	Ordinal0 [0x000DA421+566305]
	Ordinal0 [0x000DA815+567317]
	Ordinal0 [0x000DA135+565557]
	Ordinal0 [0x000E38B1+604337]
	Ordinal0 [0x000DA0F1+565489]
	Ordinal0 [0x000DAEA2+568994]
	Ordinal0 [0x000DA421+566305]
	Ordinal0 [0x000DA815+567317]
	Ordinal0 [0x000DA135+565557]
	Ordinal0 [0x000E1D2C+597292]
	Ordinal0 [0x000DA0F1+565489]
	Ordinal0 [0x000DAEA2+568994]
	Ordinal0 [0x000DA421+566305]
	Ordinal0 [0x000DA815+567317]
	Ordinal0 [0x000DA135+565557]
	Ordinal0 [0x000DFE62+589410]
	Ordinal0 [0x000DA0F1+565489]
	Ordinal0 [0x000DAEA2+568994]
	Ordinal0 [0x000DA421+566305]
	Ordinal0 [0x000DA815+567317]
	Ordinal0 [0x000DA135+565557]
	Ordinal0 [0x000DF075+585845]
	Ordinal0 [0x000DA0F1+565489]
	Ordinal0 [0x000DAEA2+568994]
	Ordinal0 [0x000DA421+566305]
	Ordinal0 [0x000DA815+567317]
	Ordinal0 [0x000DA135+565557]
	Ordinal0 [0x000D6776+550774]
	Ordinal0 [0x000DA0F1+565489]
	Ordinal0 [0x000D9F13+565011]
	Ordinal0 [0x000D9D07+564487]
	Ordinal0 [0x000E82C0+623296]
	Ordinal0 [0x00086BDD+224221]
	Ordinal0 [0x00085CAC+220332]
	Ordinal0 [0x0008189B+202907]
	Ordinal0 [0x00063DF4+81396]
	Ordinal0 [0x00064DEE+85486]
	Ordinal0 [0x00064D79+85369]
	Ordinal0 [0x002785DC+2262492]
	GetHandleVerifier [0x00502874+1487204]
	GetHandleVerifier [0x005023CD+1486013]
	GetHandleVerifier [0x0050A368+1518680]
	GetHandleVerifier [0x00502F4E+1488958]
	Ordinal0 [0x0026ED0D+2223373]
	Ordinal0 [0x0027A12B+2269483]
	Ordinal0 [0x0027A26F+2269807]
	Ordinal0 [0x0028ECB8+2354360]
	BaseThreadInitThunk [0x768DFA29+25]
	RtlGetAppContainerNamedObjectPath [0x776175F4+228]
	RtlGetAppContainerNamedObjectPath [0x776175C4+180]
	(No symbol) [0x00000000]

	at sun.reflect.NativeConstructorAccessorImpl.newInstance0(Native Method)
	at sun.reflect.NativeConstructorAccessorImpl.newInstance(NativeConstructorAccessorImpl.java:62)
	at sun.reflect.DelegatingConstructorAccessorImpl.newInstance(DelegatingConstructorAccessorImpl.java:45)
	at java.lang.reflect.Constructor.newInstance(Constructor.java:423)
	at org.openqa.selenium.remote.W3CHandshakeResponse.lambda$errorHandler$0(W3CHandshakeResponse.java:62)
	at org.openqa.selenium.remote.HandshakeResponse.lambda$getResponseFunction$0(HandshakeResponse.java:30)
	at org.openqa.selenium.remote.ProtocolHandshake.lambda$createSession$0(ProtocolHandshake.java:126)
	at java.util.stream.ReferencePipeline$3$1.accept(ReferencePipeline.java:193)
	at java.util.Spliterators$ArraySpliterator.tryAdvance(Spliterators.java:958)
	at java.util.stream.ReferencePipeline.forEachWithCancel(ReferencePipeline.java:126)
	at java.util.stream.AbstractPipeline.copyIntoWithCancel(AbstractPipeline.java:498)
	at java.util.stream.AbstractPipeline.copyInto(AbstractPipeline.java:485)
	at java.util.stream.AbstractPipeline.wrapAndCopyInto(AbstractPipeline.java:471)
	at java.util.stream.FindOps$FindOp.evaluateSequential(FindOps.java:152)
	at java.util.stream.AbstractPipeline.evaluate(AbstractPipeline.java:234)
	at java.util.stream.ReferencePipeline.findFirst(ReferencePipeline.java:464)
	at org.openqa.selenium.remote.ProtocolHandshake.createSession(ProtocolHandshake.java:128)
	at org.openqa.selenium.remote.ProtocolHandshake.createSession(ProtocolHandshake.java:74)
	at org.openqa.selenium.remote.HttpCommandExecutor.execute(HttpCommandExecutor.java:136)
	at org.openqa.selenium.remote.service.DriverCommandExecutor.execute(DriverCommandExecutor.java:83)
	at org.openqa.selenium.remote.RemoteWebDriver.execute(RemoteWebDriver.java:552)
	at org.openqa.selenium.remote.RemoteWebDriver.startSession(RemoteWebDriver.java:213)
	at org.openqa.selenium.remote.RemoteWebDriver.&lt;init&gt;(RemoteWebDriver.java:131)
	at org.openqa.selenium.chrome.ChromeDriver.&lt;init&gt;(ChromeDriver.java:181)
	at org.openqa.selenium.chrome.ChromeDriver.&lt;init&gt;(ChromeDriver.java:168)
	at org.openqa.selenium.chrome.ChromeDriver.&lt;init&gt;(ChromeDriver.java:123)
	at testCases.FreeCRMLogin.beforemethod(FreeCRMLogin.java:24)
	at sun.reflect.NativeMethodAccessorImpl.invoke0(Native Method)
	at sun.reflect.NativeMethodAccessorImpl.invoke(NativeMethodAccessorImpl.java:62)
	at sun.reflect.DelegatingMethodAccessorImpl.invoke(DelegatingMethodAccessorImpl.java:43)
	at java.lang.reflect.Method.invoke(Method.java:498)
	at org.testng.internal.MethodInvocationHelper.invokeMethod(MethodInvocationHelper.java:124)
	at org.testng.internal.MethodInvocationHelper.invokeMethodConsideringTimeout(MethodInvocationHelper.java:59)
	at org.testng.internal.Invoker.invokeConfigurationMethod(Invoker.java:458)
	at org.testng.internal.Invoker.invokeConfigurations(Invoker.java:222)
	at org.testng.internal.Invoker.invokeConfigurations(Invoker.java:142)
	at org.testng.TestRunner.beforeRun(TestRunner.java:529)
	at org.testng.TestRunner.run(TestRunner.java:497)
	at org.testng.SuiteRunner.runTest(SuiteRunner.java:455)
	at org.testng.SuiteRunner.runSequentially(SuiteRunner.java:450)
	at org.testng.SuiteRunner.privateRun(SuiteRunner.java:415)
	at org.testng.SuiteRunner.run(SuiteRunner.java:364)
	at org.testng.SuiteRunnerWorker.runSuite(SuiteRunnerWorker.java:52)
	at org.testng.SuiteRunnerWorker.run(SuiteRunnerWorker.java:84)
	at org.testng.TestNG.runSuitesSequentially(TestNG.java:1208)
	at org.testng.TestNG.runSuitesLocally(TestNG.java:1137)
	at org.testng.TestNG.runSuites(TestNG.java:1049)
	at org.testng.TestNG.run(TestNG.java:1017)
	at org.apache.maven.surefire.testng.TestNGExecutor.run(TestNGExecutor.java:177)
	at org.apache.maven.surefire.testng.TestNGXmlTestSuite.execute(TestNGXmlTestSuite.java:92)
	at org.apache.maven.surefire.testng.TestNGProvider.invoke(TestNGProvider.java:105)
	at sun.reflect.NativeMethodAccessorImpl.invoke0(Native Method)
	at sun.reflect.NativeMethodAccessorImpl.invoke(NativeMethodAccessorImpl.java:62)
	at sun.reflect.DelegatingMethodAccessorImpl.invoke(DelegatingMethodAccessorImpl.java:43)
	at java.lang.reflect.Method.invoke(Method.java:498)
	at org.apache.maven.surefire.util.ReflectionUtils.invokeMethodWithArray(ReflectionUtils.java:189)
	at org.apache.maven.surefire.booter.ProviderFactory$ProviderProxy.invoke(ProviderFactory.java:165)
	at org.apache.maven.surefire.booter.ProviderFactory.invokeProvider(ProviderFactory.java:85)
	at org.apache.maven.surefire.booter.ForkedBooter.runSuitesInProcess(ForkedBooter.java:103)
	at org.apache.maven.surefire.booter.ForkedBooter.main(ForkedBooter.java:74)
</pre></div></td>
<td>0</td>
<td>testCases.FreeCRMLogin@73f792cf</td></tr>
<tr>
<td title='testCases.FreeCRMLogin.contactLink()'><b>contactLink</b><br>Test class: testCases.FreeCRMLogin</td>
<td><div><pre>org.openqa.selenium.SessionNotCreatedException: session not created
from timeout: Timed out receiving message from renderer: 600.000
  (Session info: chrome=87.0.4280.88)
Build info: version: &apos;3.141.59&apos;, revision: &apos;e82be7d358&apos;, time: &apos;2018-11-14T08:17:03&apos;
System info: host: &apos;RAMYA-PC&apos;, ip: &apos;172.19.80.1&apos;, os.name: &apos;Windows 10&apos;, os.arch: &apos;amd64&apos;, os.version: &apos;10.0&apos;, java.version: &apos;1.8.0_191&apos;
Driver info: driver.version: ChromeDriver
remote stacktrace: Backtrace:
	Ordinal0 [0x0037C0C3+3326147]
	Ordinal0 [0x00260851+2164817]
	Ordinal0 [0x000E7298+619160]
	Ordinal0 [0x000DB17F+569727]
	Ordinal0 [0x000DA421+566305]
	Ordinal0 [0x000DA815+567317]
	Ordinal0 [0x000DA135+565557]
	Ordinal0 [0x000E38B1+604337]
	Ordinal0 [0x000DA0F1+565489]
	Ordinal0 [0x000DAEA2+568994]
	Ordinal0 [0x000DA421+566305]
	Ordinal0 [0x000DA815+567317]
	Ordinal0 [0x000DA135+565557]
	Ordinal0 [0x000E1D2C+597292]
	Ordinal0 [0x000DA0F1+565489]
	Ordinal0 [0x000DAEA2+568994]
	Ordinal0 [0x000DA421+566305]
	Ordinal0 [0x000DA815+567317]
	Ordinal0 [0x000DA135+565557]
	Ordinal0 [0x000DFE62+589410]
	Ordinal0 [0x000DA0F1+565489]
	Ordinal0 [0x000DAEA2+568994]
	Ordinal0 [0x000DA421+566305]
	Ordinal0 [0x000DA815+567317]
	Ordinal0 [0x000DA135+565557]
	Ordinal0 [0x000DF075+585845]
	Ordinal0 [0x000DA0F1+565489]
	Ordinal0 [0x000DAEA2+568994]
	Ordinal0 [0x000DA421+566305]
	Ordinal0 [0x000DA815+567317]
	Ordinal0 [0x000DA135+565557]
	Ordinal0 [0x000D6776+550774]
	Ordinal0 [0x000DA0F1+565489]
	Ordinal0 [0x000D9F13+565011]
	Ordinal0 [0x000D9D07+564487]
	Ordinal0 [0x000E82C0+623296]
	Ordinal0 [0x00086BDD+224221]
	Ordinal0 [0x00085CAC+220332]
	Ordinal0 [0x0008189B+202907]
	Ordinal0 [0x00063DF4+81396]
	Ordinal0 [0x00064DEE+85486]
	Ordinal0 [0x00064D79+85369]
	Ordinal0 [0x002785DC+2262492]
	GetHandleVerifier [0x00502874+1487204]
	GetHandleVerifier [0x005023CD+1486013]
	GetHandleVerifier [0x0050A368+1518680]
	GetHandleVerifier [0x00502F4E+1488958]
	Ordinal0 [0x0026ED0D+2223373]
	Ordinal0 [0x0027A12B+2269483]
	Ordinal0 [0x0027A26F+2269807]
	Ordinal0 [0x0028ECB8+2354360]
	BaseThreadInitThunk [0x768DFA29+25]
	RtlGetAppContainerNamedObjectPath [0x776175F4+228]
	RtlGetAppContainerNamedObjectPath [0x776175C4+180]
	(No symbol) [0x00000000]

	at org.openqa.selenium.remote.W3CHandshakeResponse.lambda$errorHandler$0(W3CHandshakeResponse.java:62)
	at org.openqa.selenium.remote.HandshakeResponse.lambda$getResponseFunction$0(HandshakeResponse.java:30)
	at org.openqa.selenium.remote.ProtocolHandshake.lambda$createSession$0(ProtocolHandshake.java:126)
	at java.util.stream.ReferencePipeline$3$1.accept(ReferencePipeline.java:193)
	at java.util.Spliterators$ArraySpliterator.tryAdvance(Spliterators.java:958)
	at java.util.stream.ReferencePipeline.forEachWithCancel(ReferencePipeline.java:126)
	at java.util.stream.AbstractPipeline.copyIntoWithCancel(AbstractPipeline.java:498)
	at java.util.stream.AbstractPipeline.copyInto(AbstractPipeline.java:485)
	at java.util.stream.AbstractPipeline.wrapAndCopyInto(AbstractPipeline.java:471)
	at java.util.stream.FindOps$FindOp.evaluateSequential(FindOps.java:152)
	at java.util.stream.AbstractPipeline.evaluate(AbstractPipeline.java:234)
	at java.util.stream.ReferencePipeline.findFirst(ReferencePipeline.java:464)
	at org.openqa.selenium.remote.ProtocolHandshake.createSession(ProtocolHandshake.java:128)
	at org.openqa.selenium.remote.ProtocolHandshake.createSession(ProtocolHandshake.java:74)
	at org.openqa.selenium.remote.HttpCommandExecutor.execute(HttpCommandExecutor.java:136)
	at org.openqa.selenium.remote.service.DriverCommandExecutor.execute(DriverCommandExecutor.java:83)
	at org.openqa.selenium.remote.RemoteWebDriver.execute(RemoteWebDriver.java:552)
	at org.openqa.selenium.remote.RemoteWebDriver.startSession(RemoteWebDriver.java:213)
	at org.openqa.selenium.remote.RemoteWebDriver.&lt;init&gt;(RemoteWebDriver.java:131)
	at org.openqa.selenium.chrome.ChromeDriver.&lt;init&gt;(ChromeDriver.java:181)
	at org.openqa.selenium.chrome.ChromeDriver.&lt;init&gt;(ChromeDriver.java:168)
	at org.openqa.selenium.chrome.ChromeDriver.&lt;init&gt;(ChromeDriver.java:123)
	at testCases.FreeCRMLogin.beforemethod(FreeCRMLogin.java:24)
... Removed 37 stack frames</pre></div><a href='#' onClick='toggleBox("stack-trace730923082", this, "Click to show all stack frames", "Click to hide stack frames")'>Click to show all stack frames</a>
<div class='stack-trace' id='stack-trace730923082'><pre>org.openqa.selenium.SessionNotCreatedException: session not created
from timeout: Timed out receiving message from renderer: 600.000
  (Session info: chrome=87.0.4280.88)
Build info: version: &apos;3.141.59&apos;, revision: &apos;e82be7d358&apos;, time: &apos;2018-11-14T08:17:03&apos;
System info: host: &apos;RAMYA-PC&apos;, ip: &apos;172.19.80.1&apos;, os.name: &apos;Windows 10&apos;, os.arch: &apos;amd64&apos;, os.version: &apos;10.0&apos;, java.version: &apos;1.8.0_191&apos;
Driver info: driver.version: ChromeDriver
remote stacktrace: Backtrace:
	Ordinal0 [0x0037C0C3+3326147]
	Ordinal0 [0x00260851+2164817]
	Ordinal0 [0x000E7298+619160]
	Ordinal0 [0x000DB17F+569727]
	Ordinal0 [0x000DA421+566305]
	Ordinal0 [0x000DA815+567317]
	Ordinal0 [0x000DA135+565557]
	Ordinal0 [0x000E38B1+604337]
	Ordinal0 [0x000DA0F1+565489]
	Ordinal0 [0x000DAEA2+568994]
	Ordinal0 [0x000DA421+566305]
	Ordinal0 [0x000DA815+567317]
	Ordinal0 [0x000DA135+565557]
	Ordinal0 [0x000E1D2C+597292]
	Ordinal0 [0x000DA0F1+565489]
	Ordinal0 [0x000DAEA2+568994]
	Ordinal0 [0x000DA421+566305]
	Ordinal0 [0x000DA815+567317]
	Ordinal0 [0x000DA135+565557]
	Ordinal0 [0x000DFE62+589410]
	Ordinal0 [0x000DA0F1+565489]
	Ordinal0 [0x000DAEA2+568994]
	Ordinal0 [0x000DA421+566305]
	Ordinal0 [0x000DA815+567317]
	Ordinal0 [0x000DA135+565557]
	Ordinal0 [0x000DF075+585845]
	Ordinal0 [0x000DA0F1+565489]
	Ordinal0 [0x000DAEA2+568994]
	Ordinal0 [0x000DA421+566305]
	Ordinal0 [0x000DA815+567317]
	Ordinal0 [0x000DA135+565557]
	Ordinal0 [0x000D6776+550774]
	Ordinal0 [0x000DA0F1+565489]
	Ordinal0 [0x000D9F13+565011]
	Ordinal0 [0x000D9D07+564487]
	Ordinal0 [0x000E82C0+623296]
	Ordinal0 [0x00086BDD+224221]
	Ordinal0 [0x00085CAC+220332]
	Ordinal0 [0x0008189B+202907]
	Ordinal0 [0x00063DF4+81396]
	Ordinal0 [0x00064DEE+85486]
	Ordinal0 [0x00064D79+85369]
	Ordinal0 [0x002785DC+2262492]
	GetHandleVerifier [0x00502874+1487204]
	GetHandleVerifier [0x005023CD+1486013]
	GetHandleVerifier [0x0050A368+1518680]
	GetHandleVerifier [0x00502F4E+1488958]
	Ordinal0 [0x0026ED0D+2223373]
	Ordinal0 [0x0027A12B+2269483]
	Ordinal0 [0x0027A26F+2269807]
	Ordinal0 [0x0028ECB8+2354360]
	BaseThreadInitThunk [0x768DFA29+25]
	RtlGetAppContainerNamedObjectPath [0x776175F4+228]
	RtlGetAppContainerNamedObjectPath [0x776175C4+180]
	(No symbol) [0x00000000]

	at sun.reflect.NativeConstructorAccessorImpl.newInstance0(Native Method)
	at sun.reflect.NativeConstructorAccessorImpl.newInstance(NativeConstructorAccessorImpl.java:62)
	at sun.reflect.DelegatingConstructorAccessorImpl.newInstance(DelegatingConstructorAccessorImpl.java:45)
	at java.lang.reflect.Constructor.newInstance(Constructor.java:423)
	at org.openqa.selenium.remote.W3CHandshakeResponse.lambda$errorHandler$0(W3CHandshakeResponse.java:62)
	at org.openqa.selenium.remote.HandshakeResponse.lambda$getResponseFunction$0(HandshakeResponse.java:30)
	at org.openqa.selenium.remote.ProtocolHandshake.lambda$createSession$0(ProtocolHandshake.java:126)
	at java.util.stream.ReferencePipeline$3$1.accept(ReferencePipeline.java:193)
	at java.util.Spliterators$ArraySpliterator.tryAdvance(Spliterators.java:958)
	at java.util.stream.ReferencePipeline.forEachWithCancel(ReferencePipeline.java:126)
	at java.util.stream.AbstractPipeline.copyIntoWithCancel(AbstractPipeline.java:498)
	at java.util.stream.AbstractPipeline.copyInto(AbstractPipeline.java:485)
	at java.util.stream.AbstractPipeline.wrapAndCopyInto(AbstractPipeline.java:471)
	at java.util.stream.FindOps$FindOp.evaluateSequential(FindOps.java:152)
	at java.util.stream.AbstractPipeline.evaluate(AbstractPipeline.java:234)
	at java.util.stream.ReferencePipeline.findFirst(ReferencePipeline.java:464)
	at org.openqa.selenium.remote.ProtocolHandshake.createSession(ProtocolHandshake.java:128)
	at org.openqa.selenium.remote.ProtocolHandshake.createSession(ProtocolHandshake.java:74)
	at org.openqa.selenium.remote.HttpCommandExecutor.execute(HttpCommandExecutor.java:136)
	at org.openqa.selenium.remote.service.DriverCommandExecutor.execute(DriverCommandExecutor.java:83)
	at org.openqa.selenium.remote.RemoteWebDriver.execute(RemoteWebDriver.java:552)
	at org.openqa.selenium.remote.RemoteWebDriver.startSession(RemoteWebDriver.java:213)
	at org.openqa.selenium.remote.RemoteWebDriver.&lt;init&gt;(RemoteWebDriver.java:131)
	at org.openqa.selenium.chrome.ChromeDriver.&lt;init&gt;(ChromeDriver.java:181)
	at org.openqa.selenium.chrome.ChromeDriver.&lt;init&gt;(ChromeDriver.java:168)
	at org.openqa.selenium.chrome.ChromeDriver.&lt;init&gt;(ChromeDriver.java:123)
	at testCases.FreeCRMLogin.beforemethod(FreeCRMLogin.java:24)
	at sun.reflect.NativeMethodAccessorImpl.invoke0(Native Method)
	at sun.reflect.NativeMethodAccessorImpl.invoke(NativeMethodAccessorImpl.java:62)
	at sun.reflect.DelegatingMethodAccessorImpl.invoke(DelegatingMethodAccessorImpl.java:43)
	at java.lang.reflect.Method.invoke(Method.java:498)
	at org.testng.internal.MethodInvocationHelper.invokeMethod(MethodInvocationHelper.java:124)
	at org.testng.internal.MethodInvocationHelper.invokeMethodConsideringTimeout(MethodInvocationHelper.java:59)
	at org.testng.internal.Invoker.invokeConfigurationMethod(Invoker.java:458)
	at org.testng.internal.Invoker.invokeConfigurations(Invoker.java:222)
	at org.testng.internal.Invoker.invokeConfigurations(Invoker.java:142)
	at org.testng.TestRunner.beforeRun(TestRunner.java:529)
	at org.testng.TestRunner.run(TestRunner.java:497)
	at org.testng.SuiteRunner.runTest(SuiteRunner.java:455)
	at org.testng.SuiteRunner.runSequentially(SuiteRunner.java:450)
	at org.testng.SuiteRunner.privateRun(SuiteRunner.java:415)
	at org.testng.SuiteRunner.run(SuiteRunner.java:364)
	at org.testng.SuiteRunnerWorker.runSuite(SuiteRunnerWorker.java:52)
	at org.testng.SuiteRunnerWorker.run(SuiteRunnerWorker.java:84)
	at org.testng.TestNG.runSuitesSequentially(TestNG.java:1208)
	at org.testng.TestNG.runSuitesLocally(TestNG.java:1137)
	at org.testng.TestNG.runSuites(TestNG.java:1049)
	at org.testng.TestNG.run(TestNG.java:1017)
	at org.apache.maven.surefire.testng.TestNGExecutor.run(TestNGExecutor.java:177)
	at org.apache.maven.surefire.testng.TestNGXmlTestSuite.execute(TestNGXmlTestSuite.java:92)
	at org.apache.maven.surefire.testng.TestNGProvider.invoke(TestNGProvider.java:105)
	at sun.reflect.NativeMethodAccessorImpl.invoke0(Native Method)
	at sun.reflect.NativeMethodAccessorImpl.invoke(NativeMethodAccessorImpl.java:62)
	at sun.reflect.DelegatingMethodAccessorImpl.invoke(DelegatingMethodAccessorImpl.java:43)
	at java.lang.reflect.Method.invoke(Method.java:498)
	at org.apache.maven.surefire.util.ReflectionUtils.invokeMethodWithArray(ReflectionUtils.java:189)
	at org.apache.maven.surefire.booter.ProviderFactory$ProviderProxy.invoke(ProviderFactory.java:165)
	at org.apache.maven.surefire.booter.ProviderFactory.invokeProvider(ProviderFactory.java:85)
	at org.apache.maven.surefire.booter.ForkedBooter.runSuitesInProcess(ForkedBooter.java:103)
	at org.apache.maven.surefire.booter.ForkedBooter.main(ForkedBooter.java:74)
</pre></div></td>
<td>0</td>
<td>testCases.FreeCRMLogin@73f792cf</td></tr>
</table><p>
</body>
</html>