<!DOCTYPE html PUBLIC "-//W3C//DTD XHTML 1.1//EN" "http://www.w3.org/TR/xhtml11/DTD/xhtml11.dtd">
<html xmlns="http://www.w3.org/1999/xhtml">
<head>
<meta http-equiv="content-type" content="text/html; charset=UTF-8"/>
<title>TestNG Report</title>
<style type="text/css">table {margin-bottom:10px;border-collapse:collapse;empty-cells:show}th,td {border:1px solid #009;padding:.25em .5em}th {vertical-align:bottom}td {vertical-align:top}table a {font-weight:bold}.stripe td {background-color: #E6EBF9}.num {text-align:right}.passedodd td {background-color: #3F3}.passedeven td {background-color: #0A0}.skippedodd td {background-color: #DDD}.skippedeven td {background-color: #CCC}.failedodd td,.attn {background-color: #F33}.failedeven td,.stripe .attn {background-color: #D00}.stacktrace {white-space:pre;font-family:monospace}.totop {font-size:85%;text-align:center;border-bottom:2px solid #000}.invisible {display:none}</style>
</head>
<body>
<table>
<tr><th>Test</th><th># Passed</th><th># Skipped</th><th># Failed</th><th>Time (ms)</th><th>Included Groups</th><th>Excluded Groups</th></tr>
<tr><th colspan="7">Suite</th></tr>
<tr><td><a href="#t0">Test</a></td><td class="num">0</td><td class="num attn">3</td><td class="num">0</td><td class="num">607,555</td><td></td><td></td></tr>
</table>
<table id='summary'><thead><tr><th>Class</th><th>Method</th><th>Start</th><th>Time (ms)</th></tr></thead><tbody><tr><th colspan="4">Suite</th></tr></tbody><tbody id="t0"><tr><th colspan="4">Test &#8212; failed (configuration methods)</th></tr><tr class="failedeven"><td rowspan="1">testCases.FreeCRMLogin</td><td><a href="#m0">beforemethod</a></td><td rowspan="1">1607482046393</td><td rowspan="1">607517</td></tr><tr><th colspan="4">Test &#8212; skipped (configuration methods)</th></tr><tr class="skippedeven"><td rowspan="3">testCases.FreeCRMLogin</td><td><a href="#m1">aftermethod</a></td><td rowspan="1">1607482653947</td><td rowspan="1">0</td></tr><tr class="skippedeven"><td><a href="#m2">login</a></td><td rowspan="1">1607482653938</td><td rowspan="1">0</td></tr><tr class="skippedeven"><td><a href="#m3">logoff</a></td><td rowspan="1">1607482653947</td><td rowspan="1">0</td></tr><tr><th colspan="4">Test &#8212; skipped</th></tr><tr class="skippedeven"><td rowspan="3">testCases.FreeCRMLogin</td><td><a href="#m4">calenderLink</a></td><td rowspan="1">1607482653945</td><td rowspan="1">0</td></tr><tr class="skippedeven"><td><a href="#m5">companiesLink</a></td><td rowspan="1">1607482653947</td><td rowspan="1">0</td></tr><tr class="skippedeven"><td><a href="#m6">contactLink</a></td><td rowspan="1">1607482653946</td><td rowspan="1">0</td></tr></tbody>
</table>
<h2>Test</h2><h3 id="m0">testCases.FreeCRMLogin#beforemethod</h3><table class="result"><tr><th>Exception</th></tr><tr><td><div class="stacktrace">org.openqa.selenium.SessionNotCreatedException: session not created
from timeout: Timed out receiving message from renderer: 600.000
  (Session info: chrome=87.0.4280.88)
Build info: version: &apos;3.141.59&apos;, revision: &apos;e82be7d358&apos;, time: &apos;2018-11-14T08:17:03&apos;
System info: host: &apos;RAMYA-PC&apos;, ip: &apos;172.19.80.1&apos;, os.name: &apos;Windows 10&apos;, os.arch: &apos;amd64&apos;, os.version: &apos;10.0&apos;, java.version: &apos;1.8.0_191&apos;
Driver info: driver.version: ChromeDriver
remote stacktrace: Backtrace:
	Ordinal0 [0x0037C0C3+3326147]
	Ordinal0 [0x00260851+2164817]
	Ordinal0 [0x000E7298+619160]
	Ordinal0 [0x000DB17F+569727]
	Ordinal0 [0x000DA421+566305]
	Ordinal0 [0x000DA815+567317]
	Ordinal0 [0x000DA135+565557]
	Ordinal0 [0x000E38B1+604337]
	Ordinal0 [0x000DA0F1+565489]
	Ordinal0 [0x000DAEA2+568994]
	Ordinal0 [0x000DA421+566305]
	Ordinal0 [0x000DA815+567317]
	Ordinal0 [0x000DA135+565557]
	Ordinal0 [0x000E1D2C+597292]
	Ordinal0 [0x000DA0F1+565489]
	Ordinal0 [0x000DAEA2+568994]
	Ordinal0 [0x000DA421+566305]
	Ordinal0 [0x000DA815+567317]
	Ordinal0 [0x000DA135+565557]
	Ordinal0 [0x000DFE62+589410]
	Ordinal0 [0x000DA0F1+565489]
	Ordinal0 [0x000DAEA2+568994]
	Ordinal0 [0x000DA421+566305]
	Ordinal0 [0x000DA815+567317]
	Ordinal0 [0x000DA135+565557]
	Ordinal0 [0x000DF075+585845]
	Ordinal0 [0x000DA0F1+565489]
	Ordinal0 [0x000DAEA2+568994]
	Ordinal0 [0x000DA421+566305]
	Ordinal0 [0x000DA815+567317]
	Ordinal0 [0x000DA135+565557]
	Ordinal0 [0x000D6776+550774]
	Ordinal0 [0x000DA0F1+565489]
	Ordinal0 [0x000D9F13+565011]
	Ordinal0 [0x000D9D07+564487]
	Ordinal0 [0x000E82C0+623296]
	Ordinal0 [0x00086BDD+224221]
	Ordinal0 [0x00085CAC+220332]
	Ordinal0 [0x0008189B+202907]
	Ordinal0 [0x00063DF4+81396]
	Ordinal0 [0x00064DEE+85486]
	Ordinal0 [0x00064D79+85369]
	Ordinal0 [0x002785DC+2262492]
	GetHandleVerifier [0x00502874+1487204]
	GetHandleVerifier [0x005023CD+1486013]
	GetHandleVerifier [0x0050A368+1518680]
	GetHandleVerifier [0x00502F4E+1488958]
	Ordinal0 [0x0026ED0D+2223373]
	Ordinal0 [0x0027A12B+2269483]
	Ordinal0 [0x0027A26F+2269807]
	Ordinal0 [0x0028ECB8+2354360]
	BaseThreadInitThunk [0x768DFA29+25]
	RtlGetAppContainerNamedObjectPath [0x776175F4+228]
	RtlGetAppContainerNamedObjectPath [0x776175C4+180]
	(No symbol) [0x00000000]

	at org.openqa.selenium.remote.W3CHandshakeResponse.lambda$errorHandler$0(W3CHandshakeResponse.java:62)
	at org.openqa.selenium.remote.HandshakeResponse.lambda$getResponseFunction$0(HandshakeResponse.java:30)
	at org.openqa.selenium.remote.ProtocolHandshake.lambda$createSession$0(ProtocolHandshake.java:126)
	at java.util.stream.ReferencePipeline$3$1.accept(ReferencePipeline.java:193)
	at java.util.Spliterators$ArraySpliterator.tryAdvance(Spliterators.java:958)
	at java.util.stream.ReferencePipeline.forEachWithCancel(ReferencePipeline.java:126)
	at java.util.stream.AbstractPipeline.copyIntoWithCancel(AbstractPipeline.java:498)
	at java.util.stream.AbstractPipeline.copyInto(AbstractPipeline.java:485)
	at java.util.stream.AbstractPipeline.wrapAndCopyInto(AbstractPipeline.java:471)
	at java.util.stream.FindOps$FindOp.evaluateSequential(FindOps.java:152)
	at java.util.stream.AbstractPipeline.evaluate(AbstractPipeline.java:234)
	at java.util.stream.ReferencePipeline.findFirst(ReferencePipeline.java:464)
	at org.openqa.selenium.remote.ProtocolHandshake.createSession(ProtocolHandshake.java:128)
	at org.openqa.selenium.remote.ProtocolHandshake.createSession(ProtocolHandshake.java:74)
	at org.openqa.selenium.remote.HttpCommandExecutor.execute(HttpCommandExecutor.java:136)
	at org.openqa.selenium.remote.service.DriverCommandExecutor.execute(DriverCommandExecutor.java:83)
	at org.openqa.selenium.remote.RemoteWebDriver.execute(RemoteWebDriver.java:552)
	at org.openqa.selenium.remote.RemoteWebDriver.startSession(RemoteWebDriver.java:213)
	at org.openqa.selenium.remote.RemoteWebDriver.&lt;init&gt;(RemoteWebDriver.java:131)
	at org.openqa.selenium.chrome.ChromeDriver.&lt;init&gt;(ChromeDriver.java:181)
	at org.openqa.selenium.chrome.ChromeDriver.&lt;init&gt;(ChromeDriver.java:168)
	at org.openqa.selenium.chrome.ChromeDriver.&lt;init&gt;(ChromeDriver.java:123)
	at testCases.FreeCRMLogin.beforemethod(FreeCRMLogin.java:24)
... Removed 37 stack frames</div></td></tr></table><p class="totop"><a href="#summary">back to summary</a></p>
<h3 id="m1">testCases.FreeCRMLogin#aftermethod</h3><table class="result"><tr><th class="invisible"/></tr></table><p class="totop"><a href="#summary">back to summary</a></p>
<h3 id="m2">testCases.FreeCRMLogin#login</h3><table class="result"><tr><th class="invisible"/></tr></table><p class="totop"><a href="#summary">back to summary</a></p>
<h3 id="m3">testCases.FreeCRMLogin#logoff</h3><table class="result"><tr><th class="invisible"/></tr></table><p class="totop"><a href="#summary">back to summary</a></p>
<h3 id="m4">testCases.FreeCRMLogin#calenderLink</h3><table class="result"><tr><th>Exception</th></tr><tr><td><div class="stacktrace">org.openqa.selenium.SessionNotCreatedException: session not created
from timeout: Timed out receiving message from renderer: 600.000
  (Session info: chrome=87.0.4280.88)
Build info: version: &apos;3.141.59&apos;, revision: &apos;e82be7d358&apos;, time: &apos;2018-11-14T08:17:03&apos;
System info: host: &apos;RAMYA-PC&apos;, ip: &apos;172.19.80.1&apos;, os.name: &apos;Windows 10&apos;, os.arch: &apos;amd64&apos;, os.version: &apos;10.0&apos;, java.version: &apos;1.8.0_191&apos;
Driver info: driver.version: ChromeDriver
remote stacktrace: Backtrace:
	Ordinal0 [0x0037C0C3+3326147]
	Ordinal0 [0x00260851+2164817]
	Ordinal0 [0x000E7298+619160]
	Ordinal0 [0x000DB17F+569727]
	Ordinal0 [0x000DA421+566305]
	Ordinal0 [0x000DA815+567317]
	Ordinal0 [0x000DA135+565557]
	Ordinal0 [0x000E38B1+604337]
	Ordinal0 [0x000DA0F1+565489]
	Ordinal0 [0x000DAEA2+568994]
	Ordinal0 [0x000DA421+566305]
	Ordinal0 [0x000DA815+567317]
	Ordinal0 [0x000DA135+565557]
	Ordinal0 [0x000E1D2C+597292]
	Ordinal0 [0x000DA0F1+565489]
	Ordinal0 [0x000DAEA2+568994]
	Ordinal0 [0x000DA421+566305]
	Ordinal0 [0x000DA815+567317]
	Ordinal0 [0x000DA135+565557]
	Ordinal0 [0x000DFE62+589410]
	Ordinal0 [0x000DA0F1+565489]
	Ordinal0 [0x000DAEA2+568994]
	Ordinal0 [0x000DA421+566305]
	Ordinal0 [0x000DA815+567317]
	Ordinal0 [0x000DA135+565557]
	Ordinal0 [0x000DF075+585845]
	Ordinal0 [0x000DA0F1+565489]
	Ordinal0 [0x000DAEA2+568994]
	Ordinal0 [0x000DA421+566305]
	Ordinal0 [0x000DA815+567317]
	Ordinal0 [0x000DA135+565557]
	Ordinal0 [0x000D6776+550774]
	Ordinal0 [0x000DA0F1+565489]
	Ordinal0 [0x000D9F13+565011]
	Ordinal0 [0x000D9D07+564487]
	Ordinal0 [0x000E82C0+623296]
	Ordinal0 [0x00086BDD+224221]
	Ordinal0 [0x00085CAC+220332]
	Ordinal0 [0x0008189B+202907]
	Ordinal0 [0x00063DF4+81396]
	Ordinal0 [0x00064DEE+85486]
	Ordinal0 [0x00064D79+85369]
	Ordinal0 [0x002785DC+2262492]
	GetHandleVerifier [0x00502874+1487204]
	GetHandleVerifier [0x005023CD+1486013]
	GetHandleVerifier [0x0050A368+1518680]
	GetHandleVerifier [0x00502F4E+1488958]
	Ordinal0 [0x0026ED0D+2223373]
	Ordinal0 [0x0027A12B+2269483]
	Ordinal0 [0x0027A26F+2269807]
	Ordinal0 [0x0028ECB8+2354360]
	BaseThreadInitThunk [0x768DFA29+25]
	RtlGetAppContainerNamedObjectPath [0x776175F4+228]
	RtlGetAppContainerNamedObjectPath [0x776175C4+180]
	(No symbol) [0x00000000]

	at org.openqa.selenium.remote.W3CHandshakeResponse.lambda$errorHandler$0(W3CHandshakeResponse.java:62)
	at org.openqa.selenium.remote.HandshakeResponse.lambda$getResponseFunction$0(HandshakeResponse.java:30)
	at org.openqa.selenium.remote.ProtocolHandshake.lambda$createSession$0(ProtocolHandshake.java:126)
	at java.util.stream.ReferencePipeline$3$1.accept(ReferencePipeline.java:193)
	at java.util.Spliterators$ArraySpliterator.tryAdvance(Spliterators.java:958)
	at java.util.stream.ReferencePipeline.forEachWithCancel(ReferencePipeline.java:126)
	at java.util.stream.AbstractPipeline.copyIntoWithCancel(AbstractPipeline.java:498)
	at java.util.stream.AbstractPipeline.copyInto(AbstractPipeline.java:485)
	at java.util.stream.AbstractPipeline.wrapAndCopyInto(AbstractPipeline.java:471)
	at java.util.stream.FindOps$FindOp.evaluateSequential(FindOps.java:152)
	at java.util.stream.AbstractPipeline.evaluate(AbstractPipeline.java:234)
	at java.util.stream.ReferencePipeline.findFirst(ReferencePipeline.java:464)
	at org.openqa.selenium.remote.ProtocolHandshake.createSession(ProtocolHandshake.java:128)
	at org.openqa.selenium.remote.ProtocolHandshake.createSession(ProtocolHandshake.java:74)
	at org.openqa.selenium.remote.HttpCommandExecutor.execute(HttpCommandExecutor.java:136)
	at org.openqa.selenium.remote.service.DriverCommandExecutor.execute(DriverCommandExecutor.java:83)
	at org.openqa.selenium.remote.RemoteWebDriver.execute(RemoteWebDriver.java:552)
	at org.openqa.selenium.remote.RemoteWebDriver.startSession(RemoteWebDriver.java:213)
	at org.openqa.selenium.remote.RemoteWebDriver.&lt;init&gt;(RemoteWebDriver.java:131)
	at org.openqa.selenium.chrome.ChromeDriver.&lt;init&gt;(ChromeDriver.java:181)
	at org.openqa.selenium.chrome.ChromeDriver.&lt;init&gt;(ChromeDriver.java:168)
	at org.openqa.selenium.chrome.ChromeDriver.&lt;init&gt;(ChromeDriver.java:123)
	at testCases.FreeCRMLogin.beforemethod(FreeCRMLogin.java:24)
... Removed 37 stack frames</div></td></tr></table><p class="totop"><a href="#summary">back to summary</a></p>
<h3 id="m5">testCases.FreeCRMLogin#companiesLink</h3><table class="result"><tr><th>Exception</th></tr><tr><td><div class="stacktrace">org.openqa.selenium.SessionNotCreatedException: session not created
from timeout: Timed out receiving message from renderer: 600.000
  (Session info: chrome=87.0.4280.88)
Build info: version: &apos;3.141.59&apos;, revision: &apos;e82be7d358&apos;, time: &apos;2018-11-14T08:17:03&apos;
System info: host: &apos;RAMYA-PC&apos;, ip: &apos;172.19.80.1&apos;, os.name: &apos;Windows 10&apos;, os.arch: &apos;amd64&apos;, os.version: &apos;10.0&apos;, java.version: &apos;1.8.0_191&apos;
Driver info: driver.version: ChromeDriver
remote stacktrace: Backtrace:
	Ordinal0 [0x0037C0C3+3326147]
	Ordinal0 [0x00260851+2164817]
	Ordinal0 [0x000E7298+619160]
	Ordinal0 [0x000DB17F+569727]
	Ordinal0 [0x000DA421+566305]
	Ordinal0 [0x000DA815+567317]
	Ordinal0 [0x000DA135+565557]
	Ordinal0 [0x000E38B1+604337]
	Ordinal0 [0x000DA0F1+565489]
	Ordinal0 [0x000DAEA2+568994]
	Ordinal0 [0x000DA421+566305]
	Ordinal0 [0x000DA815+567317]
	Ordinal0 [0x000DA135+565557]
	Ordinal0 [0x000E1D2C+597292]
	Ordinal0 [0x000DA0F1+565489]
	Ordinal0 [0x000DAEA2+568994]
	Ordinal0 [0x000DA421+566305]
	Ordinal0 [0x000DA815+567317]
	Ordinal0 [0x000DA135+565557]
	Ordinal0 [0x000DFE62+589410]
	Ordinal0 [0x000DA0F1+565489]
	Ordinal0 [0x000DAEA2+568994]
	Ordinal0 [0x000DA421+566305]
	Ordinal0 [0x000DA815+567317]
	Ordinal0 [0x000DA135+565557]
	Ordinal0 [0x000DF075+585845]
	Ordinal0 [0x000DA0F1+565489]
	Ordinal0 [0x000DAEA2+568994]
	Ordinal0 [0x000DA421+566305]
	Ordinal0 [0x000DA815+567317]
	Ordinal0 [0x000DA135+565557]
	Ordinal0 [0x000D6776+550774]
	Ordinal0 [0x000DA0F1+565489]
	Ordinal0 [0x000D9F13+565011]
	Ordinal0 [0x000D9D07+564487]
	Ordinal0 [0x000E82C0+623296]
	Ordinal0 [0x00086BDD+224221]
	Ordinal0 [0x00085CAC+220332]
	Ordinal0 [0x0008189B+202907]
	Ordinal0 [0x00063DF4+81396]
	Ordinal0 [0x00064DEE+85486]
	Ordinal0 [0x00064D79+85369]
	Ordinal0 [0x002785DC+2262492]
	GetHandleVerifier [0x00502874+1487204]
	GetHandleVerifier [0x005023CD+1486013]
	GetHandleVerifier [0x0050A368+1518680]
	GetHandleVerifier [0x00502F4E+1488958]
	Ordinal0 [0x0026ED0D+2223373]
	Ordinal0 [0x0027A12B+2269483]
	Ordinal0 [0x0027A26F+2269807]
	Ordinal0 [0x0028ECB8+2354360]
	BaseThreadInitThunk [0x768DFA29+25]
	RtlGetAppContainerNamedObjectPath [0x776175F4+228]
	RtlGetAppContainerNamedObjectPath [0x776175C4+180]
	(No symbol) [0x00000000]

	at org.openqa.selenium.remote.W3CHandshakeResponse.lambda$errorHandler$0(W3CHandshakeResponse.java:62)
	at org.openqa.selenium.remote.HandshakeResponse.lambda$getResponseFunction$0(HandshakeResponse.java:30)
	at org.openqa.selenium.remote.ProtocolHandshake.lambda$createSession$0(ProtocolHandshake.java:126)
	at java.util.stream.ReferencePipeline$3$1.accept(ReferencePipeline.java:193)
	at java.util.Spliterators$ArraySpliterator.tryAdvance(Spliterators.java:958)
	at java.util.stream.ReferencePipeline.forEachWithCancel(ReferencePipeline.java:126)
	at java.util.stream.AbstractPipeline.copyIntoWithCancel(AbstractPipeline.java:498)
	at java.util.stream.AbstractPipeline.copyInto(AbstractPipeline.java:485)
	at java.util.stream.AbstractPipeline.wrapAndCopyInto(AbstractPipeline.java:471)
	at java.util.stream.FindOps$FindOp.evaluateSequential(FindOps.java:152)
	at java.util.stream.AbstractPipeline.evaluate(AbstractPipeline.java:234)
	at java.util.stream.ReferencePipeline.findFirst(ReferencePipeline.java:464)
	at org.openqa.selenium.remote.ProtocolHandshake.createSession(ProtocolHandshake.java:128)
	at org.openqa.selenium.remote.ProtocolHandshake.createSession(ProtocolHandshake.java:74)
	at org.openqa.selenium.remote.HttpCommandExecutor.execute(HttpCommandExecutor.java:136)
	at org.openqa.selenium.remote.service.DriverCommandExecutor.execute(DriverCommandExecutor.java:83)
	at org.openqa.selenium.remote.RemoteWebDriver.execute(RemoteWebDriver.java:552)
	at org.openqa.selenium.remote.RemoteWebDriver.startSession(RemoteWebDriver.java:213)
	at org.openqa.selenium.remote.RemoteWebDriver.&lt;init&gt;(RemoteWebDriver.java:131)
	at org.openqa.selenium.chrome.ChromeDriver.&lt;init&gt;(ChromeDriver.java:181)
	at org.openqa.selenium.chrome.ChromeDriver.&lt;init&gt;(ChromeDriver.java:168)
	at org.openqa.selenium.chrome.ChromeDriver.&lt;init&gt;(ChromeDriver.java:123)
	at testCases.FreeCRMLogin.beforemethod(FreeCRMLogin.java:24)
... Removed 37 stack frames</div></td></tr></table><p class="totop"><a href="#summary">back to summary</a></p>
<h3 id="m6">testCases.FreeCRMLogin#contactLink</h3><table class="result"><tr><th>Exception</th></tr><tr><td><div class="stacktrace">org.openqa.selenium.SessionNotCreatedException: session not created
from timeout: Timed out receiving message from renderer: 600.000
  (Session info: chrome=87.0.4280.88)
Build info: version: &apos;3.141.59&apos;, revision: &apos;e82be7d358&apos;, time: &apos;2018-11-14T08:17:03&apos;
System info: host: &apos;RAMYA-PC&apos;, ip: &apos;172.19.80.1&apos;, os.name: &apos;Windows 10&apos;, os.arch: &apos;amd64&apos;, os.version: &apos;10.0&apos;, java.version: &apos;1.8.0_191&apos;
Driver info: driver.version: ChromeDriver
remote stacktrace: Backtrace:
	Ordinal0 [0x0037C0C3+3326147]
	Ordinal0 [0x00260851+2164817]
	Ordinal0 [0x000E7298+619160]
	Ordinal0 [0x000DB17F+569727]
	Ordinal0 [0x000DA421+566305]
	Ordinal0 [0x000DA815+567317]
	Ordinal0 [0x000DA135+565557]
	Ordinal0 [0x000E38B1+604337]
	Ordinal0 [0x000DA0F1+565489]
	Ordinal0 [0x000DAEA2+568994]
	Ordinal0 [0x000DA421+566305]
	Ordinal0 [0x000DA815+567317]
	Ordinal0 [0x000DA135+565557]
	Ordinal0 [0x000E1D2C+597292]
	Ordinal0 [0x000DA0F1+565489]
	Ordinal0 [0x000DAEA2+568994]
	Ordinal0 [0x000DA421+566305]
	Ordinal0 [0x000DA815+567317]
	Ordinal0 [0x000DA135+565557]
	Ordinal0 [0x000DFE62+589410]
	Ordinal0 [0x000DA0F1+565489]
	Ordinal0 [0x000DAEA2+568994]
	Ordinal0 [0x000DA421+566305]
	Ordinal0 [0x000DA815+567317]
	Ordinal0 [0x000DA135+565557]
	Ordinal0 [0x000DF075+585845]
	Ordinal0 [0x000DA0F1+565489]
	Ordinal0 [0x000DAEA2+568994]
	Ordinal0 [0x000DA421+566305]
	Ordinal0 [0x000DA815+567317]
	Ordinal0 [0x000DA135+565557]
	Ordinal0 [0x000D6776+550774]
	Ordinal0 [0x000DA0F1+565489]
	Ordinal0 [0x000D9F13+565011]
	Ordinal0 [0x000D9D07+564487]
	Ordinal0 [0x000E82C0+623296]
	Ordinal0 [0x00086BDD+224221]
	Ordinal0 [0x00085CAC+220332]
	Ordinal0 [0x0008189B+202907]
	Ordinal0 [0x00063DF4+81396]
	Ordinal0 [0x00064DEE+85486]
	Ordinal0 [0x00064D79+85369]
	Ordinal0 [0x002785DC+2262492]
	GetHandleVerifier [0x00502874+1487204]
	GetHandleVerifier [0x005023CD+1486013]
	GetHandleVerifier [0x0050A368+1518680]
	GetHandleVerifier [0x00502F4E+1488958]
	Ordinal0 [0x0026ED0D+2223373]
	Ordinal0 [0x0027A12B+2269483]
	Ordinal0 [0x0027A26F+2269807]
	Ordinal0 [0x0028ECB8+2354360]
	BaseThreadInitThunk [0x768DFA29+25]
	RtlGetAppContainerNamedObjectPath [0x776175F4+228]
	RtlGetAppContainerNamedObjectPath [0x776175C4+180]
	(No symbol) [0x00000000]

	at org.openqa.selenium.remote.W3CHandshakeResponse.lambda$errorHandler$0(W3CHandshakeResponse.java:62)
	at org.openqa.selenium.remote.HandshakeResponse.lambda$getResponseFunction$0(HandshakeResponse.java:30)
	at org.openqa.selenium.remote.ProtocolHandshake.lambda$createSession$0(ProtocolHandshake.java:126)
	at java.util.stream.ReferencePipeline$3$1.accept(ReferencePipeline.java:193)
	at java.util.Spliterators$ArraySpliterator.tryAdvance(Spliterators.java:958)
	at java.util.stream.ReferencePipeline.forEachWithCancel(ReferencePipeline.java:126)
	at java.util.stream.AbstractPipeline.copyIntoWithCancel(AbstractPipeline.java:498)
	at java.util.stream.AbstractPipeline.copyInto(AbstractPipeline.java:485)
	at java.util.stream.AbstractPipeline.wrapAndCopyInto(AbstractPipeline.java:471)
	at java.util.stream.FindOps$FindOp.evaluateSequential(FindOps.java:152)
	at java.util.stream.AbstractPipeline.evaluate(AbstractPipeline.java:234)
	at java.util.stream.ReferencePipeline.findFirst(ReferencePipeline.java:464)
	at org.openqa.selenium.remote.ProtocolHandshake.createSession(ProtocolHandshake.java:128)
	at org.openqa.selenium.remote.ProtocolHandshake.createSession(ProtocolHandshake.java:74)
	at org.openqa.selenium.remote.HttpCommandExecutor.execute(HttpCommandExecutor.java:136)
	at org.openqa.selenium.remote.service.DriverCommandExecutor.execute(DriverCommandExecutor.java:83)
	at org.openqa.selenium.remote.RemoteWebDriver.execute(RemoteWebDriver.java:552)
	at org.openqa.selenium.remote.RemoteWebDriver.startSession(RemoteWebDriver.java:213)
	at org.openqa.selenium.remote.RemoteWebDriver.&lt;init&gt;(RemoteWebDriver.java:131)
	at org.openqa.selenium.chrome.ChromeDriver.&lt;init&gt;(ChromeDriver.java:181)
	at org.openqa.selenium.chrome.ChromeDriver.&lt;init&gt;(ChromeDriver.java:168)
	at org.openqa.selenium.chrome.ChromeDriver.&lt;init&gt;(ChromeDriver.java:123)
	at testCases.FreeCRMLogin.beforemethod(FreeCRMLogin.java:24)
... Removed 37 stack frames</div></td></tr></table><p class="totop"><a href="#summary">back to summary</a></p>
</body>
</html>
