<?xml version="1.0" encoding="UTF-8"?>
<testng-results skipped="3" failed="0" ignored="0" total="3" passed="0">
  <reporter-output>
  </reporter-output>
  <suite name="Suite" duration-ms="607555" started-at="2020-12-09T02:47:26Z" finished-at="2020-12-09T02:57:33Z">
    <groups>
    </groups>
    <test name="Test" duration-ms="607555" started-at="2020-12-09T02:47:26Z" finished-at="2020-12-09T02:57:33Z">
      <class name="testCases.FreeCRMLogin">
        <test-method status="FAIL" signature="beforemethod()[pri:0, instance:testCases.FreeCRMLogin@73f792cf]" name="beforemethod" is-config="true" duration-ms="607517" started-at="2020-12-09T02:47:26Z" finished-at="2020-12-09T02:57:33Z">
          <exception class="org.openqa.selenium.SessionNotCreatedException">
            <message>
              <![CDATA[session not created
from timeout: Timed out receiving message from renderer: 600.000
  (Session info: chrome=87.0.4280.88)
Build info: version: '3.141.59', revision: 'e82be7d358', time: '2018-11-14T08:17:03'
System info: host: 'RAMYA-PC', ip: '172.19.80.1', os.name: 'Windows 10', os.arch: 'amd64', os.version: '10.0', java.version: '1.8.0_191'
Driver info: driver.version: ChromeDriver
remote stacktrace: Backtrace:
Ordinal0 [0x0037C0C3+3326147]
Ordinal0 [0x00260851+2164817]
Ordinal0 [0x000E7298+619160]
Ordinal0 [0x000DB17F+569727]
Ordinal0 [0x000DA421+566305]
Ordinal0 [0x000DA815+567317]
Ordinal0 [0x000DA135+565557]
Ordinal0 [0x000E38B1+604337]
Ordinal0 [0x000DA0F1+565489]
Ordinal0 [0x000DAEA2+568994]
Ordinal0 [0x000DA421+566305]
Ordinal0 [0x000DA815+567317]
Ordinal0 [0x000DA135+565557]
Ordinal0 [0x000E1D2C+597292]
Ordinal0 [0x000DA0F1+565489]
Ordinal0 [0x000DAEA2+568994]
Ordinal0 [0x000DA421+566305]
Ordinal0 [0x000DA815+567317]
Ordinal0 [0x000DA135+565557]
Ordinal0 [0x000DFE62+589410]
Ordinal0 [0x000DA0F1+565489]
Ordinal0 [0x000DAEA2+568994]
Ordinal0 [0x000DA421+566305]
Ordinal0 [0x000DA815+567317]
Ordinal0 [0x000DA135+565557]
Ordinal0 [0x000DF075+585845]
Ordinal0 [0x000DA0F1+565489]
Ordinal0 [0x000DAEA2+568994]
Ordinal0 [0x000DA421+566305]
Ordinal0 [0x000DA815+567317]
Ordinal0 [0x000DA135+565557]
Ordinal0 [0x000D6776+550774]
Ordinal0 [0x000DA0F1+565489]
Ordinal0 [0x000D9F13+565011]
Ordinal0 [0x000D9D07+564487]
Ordinal0 [0x000E82C0+623296]
Ordinal0 [0x00086BDD+224221]
Ordinal0 [0x00085CAC+220332]
Ordinal0 [0x0008189B+202907]
Ordinal0 [0x00063DF4+81396]
Ordinal0 [0x00064DEE+85486]
Ordinal0 [0x00064D79+85369]
Ordinal0 [0x002785DC+2262492]
GetHandleVerifier [0x00502874+1487204]
GetHandleVerifier [0x005023CD+1486013]
GetHandleVerifier [0x0050A368+1518680]
GetHandleVerifier [0x00502F4E+1488958]
Ordinal0 [0x0026ED0D+2223373]
Ordinal0 [0x0027A12B+2269483]
Ordinal0 [0x0027A26F+2269807]
Ordinal0 [0x0028ECB8+2354360]
BaseThreadInitThunk [0x768DFA29+25]
RtlGetAppContainerNamedObjectPath [0x776175F4+228]
RtlGetAppContainerNamedObjectPath [0x776175C4+180]
(No symbol) [0x00000000]
]]>
            </message>
            <full-stacktrace>
              <![CDATA[org.openqa.selenium.SessionNotCreatedException: session not created
from timeout: Timed out receiving message from renderer: 600.000
  (Session info: chrome=87.0.4280.88)
Build info: version: '3.141.59', revision: 'e82be7d358', time: '2018-11-14T08:17:03'
System info: host: 'RAMYA-PC', ip: '172.19.80.1', os.name: 'Windows 10', os.arch: 'amd64', os.version: '10.0', java.version: '1.8.0_191'
Driver info: driver.version: ChromeDriver
remote stacktrace: Backtrace:
Ordinal0 [0x0037C0C3+3326147]
Ordinal0 [0x00260851+2164817]
Ordinal0 [0x000E7298+619160]
Ordinal0 [0x000DB17F+569727]
Ordinal0 [0x000DA421+566305]
Ordinal0 [0x000DA815+567317]
Ordinal0 [0x000DA135+565557]
Ordinal0 [0x000E38B1+604337]
Ordinal0 [0x000DA0F1+565489]
Ordinal0 [0x000DAEA2+568994]
Ordinal0 [0x000DA421+566305]
Ordinal0 [0x000DA815+567317]
Ordinal0 [0x000DA135+565557]
Ordinal0 [0x000E1D2C+597292]
Ordinal0 [0x000DA0F1+565489]
Ordinal0 [0x000DAEA2+568994]
Ordinal0 [0x000DA421+566305]
Ordinal0 [0x000DA815+567317]
Ordinal0 [0x000DA135+565557]
Ordinal0 [0x000DFE62+589410]
Ordinal0 [0x000DA0F1+565489]
Ordinal0 [0x000DAEA2+568994]
Ordinal0 [0x000DA421+566305]
Ordinal0 [0x000DA815+567317]
Ordinal0 [0x000DA135+565557]
Ordinal0 [0x000DF075+585845]
Ordinal0 [0x000DA0F1+565489]
Ordinal0 [0x000DAEA2+568994]
Ordinal0 [0x000DA421+566305]
Ordinal0 [0x000DA815+567317]
Ordinal0 [0x000DA135+565557]
Ordinal0 [0x000D6776+550774]
Ordinal0 [0x000DA0F1+565489]
Ordinal0 [0x000D9F13+565011]
Ordinal0 [0x000D9D07+564487]
Ordinal0 [0x000E82C0+623296]
Ordinal0 [0x00086BDD+224221]
Ordinal0 [0x00085CAC+220332]
Ordinal0 [0x0008189B+202907]
Ordinal0 [0x00063DF4+81396]
Ordinal0 [0x00064DEE+85486]
Ordinal0 [0x00064D79+85369]
Ordinal0 [0x002785DC+2262492]
GetHandleVerifier [0x00502874+1487204]
GetHandleVerifier [0x005023CD+1486013]
GetHandleVerifier [0x0050A368+1518680]
GetHandleVerifier [0x00502F4E+1488958]
Ordinal0 [0x0026ED0D+2223373]
Ordinal0 [0x0027A12B+2269483]
Ordinal0 [0x0027A26F+2269807]
Ordinal0 [0x0028ECB8+2354360]
BaseThreadInitThunk [0x768DFA29+25]
RtlGetAppContainerNamedObjectPath [0x776175F4+228]
RtlGetAppContainerNamedObjectPath [0x776175C4+180]
(No symbol) [0x00000000]

at sun.reflect.NativeConstructorAccessorImpl.newInstance0(Native Method)
at sun.reflect.NativeConstructorAccessorImpl.newInstance(NativeConstructorAccessorImpl.java:62)
at sun.reflect.DelegatingConstructorAccessorImpl.newInstance(DelegatingConstructorAccessorImpl.java:45)
at java.lang.reflect.Constructor.newInstance(Constructor.java:423)
at org.openqa.selenium.remote.W3CHandshakeResponse.lambda$errorHandler$0(W3CHandshakeResponse.java:62)
at org.openqa.selenium.remote.HandshakeResponse.lambda$getResponseFunction$0(HandshakeResponse.java:30)
at org.openqa.selenium.remote.ProtocolHandshake.lambda$createSession$0(ProtocolHandshake.java:126)
at java.util.stream.ReferencePipeline$3$1.accept(ReferencePipeline.java:193)
at java.util.Spliterators$ArraySpliterator.tryAdvance(Spliterators.java:958)
at java.util.stream.ReferencePipeline.forEachWithCancel(ReferencePipeline.java:126)
at java.util.stream.AbstractPipeline.copyIntoWithCancel(AbstractPipeline.java:498)
at java.util.stream.AbstractPipeline.copyInto(AbstractPipeline.java:485)
at java.util.stream.AbstractPipeline.wrapAndCopyInto(AbstractPipeline.java:471)
at java.util.stream.FindOps$FindOp.evaluateSequential(FindOps.java:152)
at java.util.stream.AbstractPipeline.evaluate(AbstractPipeline.java:234)
at java.util.stream.ReferencePipeline.findFirst(ReferencePipeline.java:464)
at org.openqa.selenium.remote.ProtocolHandshake.createSession(ProtocolHandshake.java:128)
at org.openqa.selenium.remote.ProtocolHandshake.createSession(ProtocolHandshake.java:74)
at org.openqa.selenium.remote.HttpCommandExecutor.execute(HttpCommandExecutor.java:136)
at org.openqa.selenium.remote.service.DriverCommandExecutor.execute(DriverCommandExecutor.java:83)
at org.openqa.selenium.remote.RemoteWebDriver.execute(RemoteWebDriver.java:552)
at org.openqa.selenium.remote.RemoteWebDriver.startSession(RemoteWebDriver.java:213)
at org.openqa.selenium.remote.RemoteWebDriver.<init>(RemoteWebDriver.java:131)
at org.openqa.selenium.chrome.ChromeDriver.<init>(ChromeDriver.java:181)
at org.openqa.selenium.chrome.ChromeDriver.<init>(ChromeDriver.java:168)
at org.openqa.selenium.chrome.ChromeDriver.<init>(ChromeDriver.java:123)
at testCases.FreeCRMLogin.beforemethod(FreeCRMLogin.java:24)
at sun.reflect.NativeMethodAccessorImpl.invoke0(Native Method)
at sun.reflect.NativeMethodAccessorImpl.invoke(NativeMethodAccessorImpl.java:62)
at sun.reflect.DelegatingMethodAccessorImpl.invoke(DelegatingMethodAccessorImpl.java:43)
at java.lang.reflect.Method.invoke(Method.java:498)
at org.testng.internal.MethodInvocationHelper.invokeMethod(MethodInvocationHelper.java:124)
at org.testng.internal.MethodInvocationHelper.invokeMethodConsideringTimeout(MethodInvocationHelper.java:59)
at org.testng.internal.Invoker.invokeConfigurationMethod(Invoker.java:458)
at org.testng.internal.Invoker.invokeConfigurations(Invoker.java:222)
at org.testng.internal.Invoker.invokeConfigurations(Invoker.java:142)
at org.testng.TestRunner.beforeRun(TestRunner.java:529)
at org.testng.TestRunner.run(TestRunner.java:497)
at org.testng.SuiteRunner.runTest(SuiteRunner.java:455)
at org.testng.SuiteRunner.runSequentially(SuiteRunner.java:450)
at org.testng.SuiteRunner.privateRun(SuiteRunner.java:415)
at org.testng.SuiteRunner.run(SuiteRunner.java:364)
at org.testng.SuiteRunnerWorker.runSuite(SuiteRunnerWorker.java:52)
at org.testng.SuiteRunnerWorker.run(SuiteRunnerWorker.java:84)
at org.testng.TestNG.runSuitesSequentially(TestNG.java:1208)
at org.testng.TestNG.runSuitesLocally(TestNG.java:1137)
at org.testng.TestNG.runSuites(TestNG.java:1049)
at org.testng.TestNG.run(TestNG.java:1017)
at org.apache.maven.surefire.testng.TestNGExecutor.run(TestNGExecutor.java:177)
at org.apache.maven.surefire.testng.TestNGXmlTestSuite.execute(TestNGXmlTestSuite.java:92)
at org.apache.maven.surefire.testng.TestNGProvider.invoke(TestNGProvider.java:105)
at sun.reflect.NativeMethodAccessorImpl.invoke0(Native Method)
at sun.reflect.NativeMethodAccessorImpl.invoke(NativeMethodAccessorImpl.java:62)
at sun.reflect.DelegatingMethodAccessorImpl.invoke(DelegatingMethodAccessorImpl.java:43)
at java.lang.reflect.Method.invoke(Method.java:498)
at org.apache.maven.surefire.util.ReflectionUtils.invokeMethodWithArray(ReflectionUtils.java:189)
at org.apache.maven.surefire.booter.ProviderFactory$ProviderProxy.invoke(ProviderFactory.java:165)
at org.apache.maven.surefire.booter.ProviderFactory.invokeProvider(ProviderFactory.java:85)
at org.apache.maven.surefire.booter.ForkedBooter.runSuitesInProcess(ForkedBooter.java:103)
at org.apache.maven.surefire.booter.ForkedBooter.main(ForkedBooter.java:74)
]]>
            </full-stacktrace>
          </exception> <!-- org.openqa.selenium.SessionNotCreatedException -->
          <reporter-output>
          </reporter-output>
        </test-method> <!-- beforemethod -->
        <test-method status="SKIP" signature="login()[pri:0, instance:testCases.FreeCRMLogin@73f792cf]" name="login" is-config="true" duration-ms="0" started-at="2020-12-09T02:57:33Z" finished-at="2020-12-09T02:57:33Z">
          <reporter-output>
          </reporter-output>
        </test-method> <!-- login -->
        <test-method status="SKIP" signature="calenderLink()[pri:0, instance:testCases.FreeCRMLogin@73f792cf]" name="calenderLink" duration-ms="0" started-at="2020-12-09T02:57:33Z" finished-at="2020-12-09T02:57:33Z">
          <exception class="org.openqa.selenium.SessionNotCreatedException">
            <message>
              <![CDATA[session not created
from timeout: Timed out receiving message from renderer: 600.000
  (Session info: chrome=87.0.4280.88)
Build info: version: '3.141.59', revision: 'e82be7d358', time: '2018-11-14T08:17:03'
System info: host: 'RAMYA-PC', ip: '172.19.80.1', os.name: 'Windows 10', os.arch: 'amd64', os.version: '10.0', java.version: '1.8.0_191'
Driver info: driver.version: ChromeDriver
remote stacktrace: Backtrace:
Ordinal0 [0x0037C0C3+3326147]
Ordinal0 [0x00260851+2164817]
Ordinal0 [0x000E7298+619160]
Ordinal0 [0x000DB17F+569727]
Ordinal0 [0x000DA421+566305]
Ordinal0 [0x000DA815+567317]
Ordinal0 [0x000DA135+565557]
Ordinal0 [0x000E38B1+604337]
Ordinal0 [0x000DA0F1+565489]
Ordinal0 [0x000DAEA2+568994]
Ordinal0 [0x000DA421+566305]
Ordinal0 [0x000DA815+567317]
Ordinal0 [0x000DA135+565557]
Ordinal0 [0x000E1D2C+597292]
Ordinal0 [0x000DA0F1+565489]
Ordinal0 [0x000DAEA2+568994]
Ordinal0 [0x000DA421+566305]
Ordinal0 [0x000DA815+567317]
Ordinal0 [0x000DA135+565557]
Ordinal0 [0x000DFE62+589410]
Ordinal0 [0x000DA0F1+565489]
Ordinal0 [0x000DAEA2+568994]
Ordinal0 [0x000DA421+566305]
Ordinal0 [0x000DA815+567317]
Ordinal0 [0x000DA135+565557]
Ordinal0 [0x000DF075+585845]
Ordinal0 [0x000DA0F1+565489]
Ordinal0 [0x000DAEA2+568994]
Ordinal0 [0x000DA421+566305]
Ordinal0 [0x000DA815+567317]
Ordinal0 [0x000DA135+565557]
Ordinal0 [0x000D6776+550774]
Ordinal0 [0x000DA0F1+565489]
Ordinal0 [0x000D9F13+565011]
Ordinal0 [0x000D9D07+564487]
Ordinal0 [0x000E82C0+623296]
Ordinal0 [0x00086BDD+224221]
Ordinal0 [0x00085CAC+220332]
Ordinal0 [0x0008189B+202907]
Ordinal0 [0x00063DF4+81396]
Ordinal0 [0x00064DEE+85486]
Ordinal0 [0x00064D79+85369]
Ordinal0 [0x002785DC+2262492]
GetHandleVerifier [0x00502874+1487204]
GetHandleVerifier [0x005023CD+1486013]
GetHandleVerifier [0x0050A368+1518680]
GetHandleVerifier [0x00502F4E+1488958]
Ordinal0 [0x0026ED0D+2223373]
Ordinal0 [0x0027A12B+2269483]
Ordinal0 [0x0027A26F+2269807]
Ordinal0 [0x0028ECB8+2354360]
BaseThreadInitThunk [0x768DFA29+25]
RtlGetAppContainerNamedObjectPath [0x776175F4+228]
RtlGetAppContainerNamedObjectPath [0x776175C4+180]
(No symbol) [0x00000000]
]]>
            </message>
            <full-stacktrace>
              <![CDATA[org.openqa.selenium.SessionNotCreatedException: session not created
from timeout: Timed out receiving message from renderer: 600.000
  (Session info: chrome=87.0.4280.88)
Build info: version: '3.141.59', revision: 'e82be7d358', time: '2018-11-14T08:17:03'
System info: host: 'RAMYA-PC', ip: '172.19.80.1', os.name: 'Windows 10', os.arch: 'amd64', os.version: '10.0', java.version: '1.8.0_191'
Driver info: driver.version: ChromeDriver
remote stacktrace: Backtrace:
Ordinal0 [0x0037C0C3+3326147]
Ordinal0 [0x00260851+2164817]
Ordinal0 [0x000E7298+619160]
Ordinal0 [0x000DB17F+569727]
Ordinal0 [0x000DA421+566305]
Ordinal0 [0x000DA815+567317]
Ordinal0 [0x000DA135+565557]
Ordinal0 [0x000E38B1+604337]
Ordinal0 [0x000DA0F1+565489]
Ordinal0 [0x000DAEA2+568994]
Ordinal0 [0x000DA421+566305]
Ordinal0 [0x000DA815+567317]
Ordinal0 [0x000DA135+565557]
Ordinal0 [0x000E1D2C+597292]
Ordinal0 [0x000DA0F1+565489]
Ordinal0 [0x000DAEA2+568994]
Ordinal0 [0x000DA421+566305]
Ordinal0 [0x000DA815+567317]
Ordinal0 [0x000DA135+565557]
Ordinal0 [0x000DFE62+589410]
Ordinal0 [0x000DA0F1+565489]
Ordinal0 [0x000DAEA2+568994]
Ordinal0 [0x000DA421+566305]
Ordinal0 [0x000DA815+567317]
Ordinal0 [0x000DA135+565557]
Ordinal0 [0x000DF075+585845]
Ordinal0 [0x000DA0F1+565489]
Ordinal0 [0x000DAEA2+568994]
Ordinal0 [0x000DA421+566305]
Ordinal0 [0x000DA815+567317]
Ordinal0 [0x000DA135+565557]
Ordinal0 [0x000D6776+550774]
Ordinal0 [0x000DA0F1+565489]
Ordinal0 [0x000D9F13+565011]
Ordinal0 [0x000D9D07+564487]
Ordinal0 [0x000E82C0+623296]
Ordinal0 [0x00086BDD+224221]
Ordinal0 [0x00085CAC+220332]
Ordinal0 [0x0008189B+202907]
Ordinal0 [0x00063DF4+81396]
Ordinal0 [0x00064DEE+85486]
Ordinal0 [0x00064D79+85369]
Ordinal0 [0x002785DC+2262492]
GetHandleVerifier [0x00502874+1487204]
GetHandleVerifier [0x005023CD+1486013]
GetHandleVerifier [0x0050A368+1518680]
GetHandleVerifier [0x00502F4E+1488958]
Ordinal0 [0x0026ED0D+2223373]
Ordinal0 [0x0027A12B+2269483]
Ordinal0 [0x0027A26F+2269807]
Ordinal0 [0x0028ECB8+2354360]
BaseThreadInitThunk [0x768DFA29+25]
RtlGetAppContainerNamedObjectPath [0x776175F4+228]
RtlGetAppContainerNamedObjectPath [0x776175C4+180]
(No symbol) [0x00000000]

at sun.reflect.NativeConstructorAccessorImpl.newInstance0(Native Method)
at sun.reflect.NativeConstructorAccessorImpl.newInstance(NativeConstructorAccessorImpl.java:62)
at sun.reflect.DelegatingConstructorAccessorImpl.newInstance(DelegatingConstructorAccessorImpl.java:45)
at java.lang.reflect.Constructor.newInstance(Constructor.java:423)
at org.openqa.selenium.remote.W3CHandshakeResponse.lambda$errorHandler$0(W3CHandshakeResponse.java:62)
at org.openqa.selenium.remote.HandshakeResponse.lambda$getResponseFunction$0(HandshakeResponse.java:30)
at org.openqa.selenium.remote.ProtocolHandshake.lambda$createSession$0(ProtocolHandshake.java:126)
at java.util.stream.ReferencePipeline$3$1.accept(ReferencePipeline.java:193)
at java.util.Spliterators$ArraySpliterator.tryAdvance(Spliterators.java:958)
at java.util.stream.ReferencePipeline.forEachWithCancel(ReferencePipeline.java:126)
at java.util.stream.AbstractPipeline.copyIntoWithCancel(AbstractPipeline.java:498)
at java.util.stream.AbstractPipeline.copyInto(AbstractPipeline.java:485)
at java.util.stream.AbstractPipeline.wrapAndCopyInto(AbstractPipeline.java:471)
at java.util.stream.FindOps$FindOp.evaluateSequential(FindOps.java:152)
at java.util.stream.AbstractPipeline.evaluate(AbstractPipeline.java:234)
at java.util.stream.ReferencePipeline.findFirst(ReferencePipeline.java:464)
at org.openqa.selenium.remote.ProtocolHandshake.createSession(ProtocolHandshake.java:128)
at org.openqa.selenium.remote.ProtocolHandshake.createSession(ProtocolHandshake.java:74)
at org.openqa.selenium.remote.HttpCommandExecutor.execute(HttpCommandExecutor.java:136)
at org.openqa.selenium.remote.service.DriverCommandExecutor.execute(DriverCommandExecutor.java:83)
at org.openqa.selenium.remote.RemoteWebDriver.execute(RemoteWebDriver.java:552)
at org.openqa.selenium.remote.RemoteWebDriver.startSession(RemoteWebDriver.java:213)
at org.openqa.selenium.remote.RemoteWebDriver.<init>(RemoteWebDriver.java:131)
at org.openqa.selenium.chrome.ChromeDriver.<init>(ChromeDriver.java:181)
at org.openqa.selenium.chrome.ChromeDriver.<init>(ChromeDriver.java:168)
at org.openqa.selenium.chrome.ChromeDriver.<init>(ChromeDriver.java:123)
at testCases.FreeCRMLogin.beforemethod(FreeCRMLogin.java:24)
at sun.reflect.NativeMethodAccessorImpl.invoke0(Native Method)
at sun.reflect.NativeMethodAccessorImpl.invoke(NativeMethodAccessorImpl.java:62)
at sun.reflect.DelegatingMethodAccessorImpl.invoke(DelegatingMethodAccessorImpl.java:43)
at java.lang.reflect.Method.invoke(Method.java:498)
at org.testng.internal.MethodInvocationHelper.invokeMethod(MethodInvocationHelper.java:124)
at org.testng.internal.MethodInvocationHelper.invokeMethodConsideringTimeout(MethodInvocationHelper.java:59)
at org.testng.internal.Invoker.invokeConfigurationMethod(Invoker.java:458)
at org.testng.internal.Invoker.invokeConfigurations(Invoker.java:222)
at org.testng.internal.Invoker.invokeConfigurations(Invoker.java:142)
at org.testng.TestRunner.beforeRun(TestRunner.java:529)
at org.testng.TestRunner.run(TestRunner.java:497)
at org.testng.SuiteRunner.runTest(SuiteRunner.java:455)
at org.testng.SuiteRunner.runSequentially(SuiteRunner.java:450)
at org.testng.SuiteRunner.privateRun(SuiteRunner.java:415)
at org.testng.SuiteRunner.run(SuiteRunner.java:364)
at org.testng.SuiteRunnerWorker.runSuite(SuiteRunnerWorker.java:52)
at org.testng.SuiteRunnerWorker.run(SuiteRunnerWorker.java:84)
at org.testng.TestNG.runSuitesSequentially(TestNG.java:1208)
at org.testng.TestNG.runSuitesLocally(TestNG.java:1137)
at org.testng.TestNG.runSuites(TestNG.java:1049)
at org.testng.TestNG.run(TestNG.java:1017)
at org.apache.maven.surefire.testng.TestNGExecutor.run(TestNGExecutor.java:177)
at org.apache.maven.surefire.testng.TestNGXmlTestSuite.execute(TestNGXmlTestSuite.java:92)
at org.apache.maven.surefire.testng.TestNGProvider.invoke(TestNGProvider.java:105)
at sun.reflect.NativeMethodAccessorImpl.invoke0(Native Method)
at sun.reflect.NativeMethodAccessorImpl.invoke(NativeMethodAccessorImpl.java:62)
at sun.reflect.DelegatingMethodAccessorImpl.invoke(DelegatingMethodAccessorImpl.java:43)
at java.lang.reflect.Method.invoke(Method.java:498)
at org.apache.maven.surefire.util.ReflectionUtils.invokeMethodWithArray(ReflectionUtils.java:189)
at org.apache.maven.surefire.booter.ProviderFactory$ProviderProxy.invoke(ProviderFactory.java:165)
at org.apache.maven.surefire.booter.ProviderFactory.invokeProvider(ProviderFactory.java:85)
at org.apache.maven.surefire.booter.ForkedBooter.runSuitesInProcess(ForkedBooter.java:103)
at org.apache.maven.surefire.booter.ForkedBooter.main(ForkedBooter.java:74)
]]>
            </full-stacktrace>
          </exception> <!-- org.openqa.selenium.SessionNotCreatedException -->
          <reporter-output>
          </reporter-output>
        </test-method> <!-- calenderLink -->
        <test-method status="SKIP" signature="contactLink()[pri:1, instance:testCases.FreeCRMLogin@73f792cf]" name="contactLink" duration-ms="0" started-at="2020-12-09T02:57:33Z" finished-at="2020-12-09T02:57:33Z">
          <exception class="org.openqa.selenium.SessionNotCreatedException">
            <message>
              <![CDATA[session not created
from timeout: Timed out receiving message from renderer: 600.000
  (Session info: chrome=87.0.4280.88)
Build info: version: '3.141.59', revision: 'e82be7d358', time: '2018-11-14T08:17:03'
System info: host: 'RAMYA-PC', ip: '172.19.80.1', os.name: 'Windows 10', os.arch: 'amd64', os.version: '10.0', java.version: '1.8.0_191'
Driver info: driver.version: ChromeDriver
remote stacktrace: Backtrace:
Ordinal0 [0x0037C0C3+3326147]
Ordinal0 [0x00260851+2164817]
Ordinal0 [0x000E7298+619160]
Ordinal0 [0x000DB17F+569727]
Ordinal0 [0x000DA421+566305]
Ordinal0 [0x000DA815+567317]
Ordinal0 [0x000DA135+565557]
Ordinal0 [0x000E38B1+604337]
Ordinal0 [0x000DA0F1+565489]
Ordinal0 [0x000DAEA2+568994]
Ordinal0 [0x000DA421+566305]
Ordinal0 [0x000DA815+567317]
Ordinal0 [0x000DA135+565557]
Ordinal0 [0x000E1D2C+597292]
Ordinal0 [0x000DA0F1+565489]
Ordinal0 [0x000DAEA2+568994]
Ordinal0 [0x000DA421+566305]
Ordinal0 [0x000DA815+567317]
Ordinal0 [0x000DA135+565557]
Ordinal0 [0x000DFE62+589410]
Ordinal0 [0x000DA0F1+565489]
Ordinal0 [0x000DAEA2+568994]
Ordinal0 [0x000DA421+566305]
Ordinal0 [0x000DA815+567317]
Ordinal0 [0x000DA135+565557]
Ordinal0 [0x000DF075+585845]
Ordinal0 [0x000DA0F1+565489]
Ordinal0 [0x000DAEA2+568994]
Ordinal0 [0x000DA421+566305]
Ordinal0 [0x000DA815+567317]
Ordinal0 [0x000DA135+565557]
Ordinal0 [0x000D6776+550774]
Ordinal0 [0x000DA0F1+565489]
Ordinal0 [0x000D9F13+565011]
Ordinal0 [0x000D9D07+564487]
Ordinal0 [0x000E82C0+623296]
Ordinal0 [0x00086BDD+224221]
Ordinal0 [0x00085CAC+220332]
Ordinal0 [0x0008189B+202907]
Ordinal0 [0x00063DF4+81396]
Ordinal0 [0x00064DEE+85486]
Ordinal0 [0x00064D79+85369]
Ordinal0 [0x002785DC+2262492]
GetHandleVerifier [0x00502874+1487204]
GetHandleVerifier [0x005023CD+1486013]
GetHandleVerifier [0x0050A368+1518680]
GetHandleVerifier [0x00502F4E+1488958]
Ordinal0 [0x0026ED0D+2223373]
Ordinal0 [0x0027A12B+2269483]
Ordinal0 [0x0027A26F+2269807]
Ordinal0 [0x0028ECB8+2354360]
BaseThreadInitThunk [0x768DFA29+25]
RtlGetAppContainerNamedObjectPath [0x776175F4+228]
RtlGetAppContainerNamedObjectPath [0x776175C4+180]
(No symbol) [0x00000000]
]]>
            </message>
            <full-stacktrace>
              <![CDATA[org.openqa.selenium.SessionNotCreatedException: session not created
from timeout: Timed out receiving message from renderer: 600.000
  (Session info: chrome=87.0.4280.88)
Build info: version: '3.141.59', revision: 'e82be7d358', time: '2018-11-14T08:17:03'
System info: host: 'RAMYA-PC', ip: '172.19.80.1', os.name: 'Windows 10', os.arch: 'amd64', os.version: '10.0', java.version: '1.8.0_191'
Driver info: driver.version: ChromeDriver
remote stacktrace: Backtrace:
Ordinal0 [0x0037C0C3+3326147]
Ordinal0 [0x00260851+2164817]
Ordinal0 [0x000E7298+619160]
Ordinal0 [0x000DB17F+569727]
Ordinal0 [0x000DA421+566305]
Ordinal0 [0x000DA815+567317]
Ordinal0 [0x000DA135+565557]
Ordinal0 [0x000E38B1+604337]
Ordinal0 [0x000DA0F1+565489]
Ordinal0 [0x000DAEA2+568994]
Ordinal0 [0x000DA421+566305]
Ordinal0 [0x000DA815+567317]
Ordinal0 [0x000DA135+565557]
Ordinal0 [0x000E1D2C+597292]
Ordinal0 [0x000DA0F1+565489]
Ordinal0 [0x000DAEA2+568994]
Ordinal0 [0x000DA421+566305]
Ordinal0 [0x000DA815+567317]
Ordinal0 [0x000DA135+565557]
Ordinal0 [0x000DFE62+589410]
Ordinal0 [0x000DA0F1+565489]
Ordinal0 [0x000DAEA2+568994]
Ordinal0 [0x000DA421+566305]
Ordinal0 [0x000DA815+567317]
Ordinal0 [0x000DA135+565557]
Ordinal0 [0x000DF075+585845]
Ordinal0 [0x000DA0F1+565489]
Ordinal0 [0x000DAEA2+568994]
Ordinal0 [0x000DA421+566305]
Ordinal0 [0x000DA815+567317]
Ordinal0 [0x000DA135+565557]
Ordinal0 [0x000D6776+550774]
Ordinal0 [0x000DA0F1+565489]
Ordinal0 [0x000D9F13+565011]
Ordinal0 [0x000D9D07+564487]
Ordinal0 [0x000E82C0+623296]
Ordinal0 [0x00086BDD+224221]
Ordinal0 [0x00085CAC+220332]
Ordinal0 [0x0008189B+202907]
Ordinal0 [0x00063DF4+81396]
Ordinal0 [0x00064DEE+85486]
Ordinal0 [0x00064D79+85369]
Ordinal0 [0x002785DC+2262492]
GetHandleVerifier [0x00502874+1487204]
GetHandleVerifier [0x005023CD+1486013]
GetHandleVerifier [0x0050A368+1518680]
GetHandleVerifier [0x00502F4E+1488958]
Ordinal0 [0x0026ED0D+2223373]
Ordinal0 [0x0027A12B+2269483]
Ordinal0 [0x0027A26F+2269807]
Ordinal0 [0x0028ECB8+2354360]
BaseThreadInitThunk [0x768DFA29+25]
RtlGetAppContainerNamedObjectPath [0x776175F4+228]
RtlGetAppContainerNamedObjectPath [0x776175C4+180]
(No symbol) [0x00000000]

at sun.reflect.NativeConstructorAccessorImpl.newInstance0(Native Method)
at sun.reflect.NativeConstructorAccessorImpl.newInstance(NativeConstructorAccessorImpl.java:62)
at sun.reflect.DelegatingConstructorAccessorImpl.newInstance(DelegatingConstructorAccessorImpl.java:45)
at java.lang.reflect.Constructor.newInstance(Constructor.java:423)
at org.openqa.selenium.remote.W3CHandshakeResponse.lambda$errorHandler$0(W3CHandshakeResponse.java:62)
at org.openqa.selenium.remote.HandshakeResponse.lambda$getResponseFunction$0(HandshakeResponse.java:30)
at org.openqa.selenium.remote.ProtocolHandshake.lambda$createSession$0(ProtocolHandshake.java:126)
at java.util.stream.ReferencePipeline$3$1.accept(ReferencePipeline.java:193)
at java.util.Spliterators$ArraySpliterator.tryAdvance(Spliterators.java:958)
at java.util.stream.ReferencePipeline.forEachWithCancel(ReferencePipeline.java:126)
at java.util.stream.AbstractPipeline.copyIntoWithCancel(AbstractPipeline.java:498)
at java.util.stream.AbstractPipeline.copyInto(AbstractPipeline.java:485)
at java.util.stream.AbstractPipeline.wrapAndCopyInto(AbstractPipeline.java:471)
at java.util.stream.FindOps$FindOp.evaluateSequential(FindOps.java:152)
at java.util.stream.AbstractPipeline.evaluate(AbstractPipeline.java:234)
at java.util.stream.ReferencePipeline.findFirst(ReferencePipeline.java:464)
at org.openqa.selenium.remote.ProtocolHandshake.createSession(ProtocolHandshake.java:128)
at org.openqa.selenium.remote.ProtocolHandshake.createSession(ProtocolHandshake.java:74)
at org.openqa.selenium.remote.HttpCommandExecutor.execute(HttpCommandExecutor.java:136)
at org.openqa.selenium.remote.service.DriverCommandExecutor.execute(DriverCommandExecutor.java:83)
at org.openqa.selenium.remote.RemoteWebDriver.execute(RemoteWebDriver.java:552)
at org.openqa.selenium.remote.RemoteWebDriver.startSession(RemoteWebDriver.java:213)
at org.openqa.selenium.remote.RemoteWebDriver.<init>(RemoteWebDriver.java:131)
at org.openqa.selenium.chrome.ChromeDriver.<init>(ChromeDriver.java:181)
at org.openqa.selenium.chrome.ChromeDriver.<init>(ChromeDriver.java:168)
at org.openqa.selenium.chrome.ChromeDriver.<init>(ChromeDriver.java:123)
at testCases.FreeCRMLogin.beforemethod(FreeCRMLogin.java:24)
at sun.reflect.NativeMethodAccessorImpl.invoke0(Native Method)
at sun.reflect.NativeMethodAccessorImpl.invoke(NativeMethodAccessorImpl.java:62)
at sun.reflect.DelegatingMethodAccessorImpl.invoke(DelegatingMethodAccessorImpl.java:43)
at java.lang.reflect.Method.invoke(Method.java:498)
at org.testng.internal.MethodInvocationHelper.invokeMethod(MethodInvocationHelper.java:124)
at org.testng.internal.MethodInvocationHelper.invokeMethodConsideringTimeout(MethodInvocationHelper.java:59)
at org.testng.internal.Invoker.invokeConfigurationMethod(Invoker.java:458)
at org.testng.internal.Invoker.invokeConfigurations(Invoker.java:222)
at org.testng.internal.Invoker.invokeConfigurations(Invoker.java:142)
at org.testng.TestRunner.beforeRun(TestRunner.java:529)
at org.testng.TestRunner.run(TestRunner.java:497)
at org.testng.SuiteRunner.runTest(SuiteRunner.java:455)
at org.testng.SuiteRunner.runSequentially(SuiteRunner.java:450)
at org.testng.SuiteRunner.privateRun(SuiteRunner.java:415)
at org.testng.SuiteRunner.run(SuiteRunner.java:364)
at org.testng.SuiteRunnerWorker.runSuite(SuiteRunnerWorker.java:52)
at org.testng.SuiteRunnerWorker.run(SuiteRunnerWorker.java:84)
at org.testng.TestNG.runSuitesSequentially(TestNG.java:1208)
at org.testng.TestNG.runSuitesLocally(TestNG.java:1137)
at org.testng.TestNG.runSuites(TestNG.java:1049)
at org.testng.TestNG.run(TestNG.java:1017)
at org.apache.maven.surefire.testng.TestNGExecutor.run(TestNGExecutor.java:177)
at org.apache.maven.surefire.testng.TestNGXmlTestSuite.execute(TestNGXmlTestSuite.java:92)
at org.apache.maven.surefire.testng.TestNGProvider.invoke(TestNGProvider.java:105)
at sun.reflect.NativeMethodAccessorImpl.invoke0(Native Method)
at sun.reflect.NativeMethodAccessorImpl.invoke(NativeMethodAccessorImpl.java:62)
at sun.reflect.DelegatingMethodAccessorImpl.invoke(DelegatingMethodAccessorImpl.java:43)
at java.lang.reflect.Method.invoke(Method.java:498)
at org.apache.maven.surefire.util.ReflectionUtils.invokeMethodWithArray(ReflectionUtils.java:189)
at org.apache.maven.surefire.booter.ProviderFactory$ProviderProxy.invoke(ProviderFactory.java:165)
at org.apache.maven.surefire.booter.ProviderFactory.invokeProvider(ProviderFactory.java:85)
at org.apache.maven.surefire.booter.ForkedBooter.runSuitesInProcess(ForkedBooter.java:103)
at org.apache.maven.surefire.booter.ForkedBooter.main(ForkedBooter.java:74)
]]>
            </full-stacktrace>
          </exception> <!-- org.openqa.selenium.SessionNotCreatedException -->
          <reporter-output>
          </reporter-output>
        </test-method> <!-- contactLink -->
        <test-method status="SKIP" signature="companiesLink()[pri:2, instance:testCases.FreeCRMLogin@73f792cf]" name="companiesLink" duration-ms="0" started-at="2020-12-09T02:57:33Z" finished-at="2020-12-09T02:57:33Z">
          <exception class="org.openqa.selenium.SessionNotCreatedException">
            <message>
              <![CDATA[session not created
from timeout: Timed out receiving message from renderer: 600.000
  (Session info: chrome=87.0.4280.88)
Build info: version: '3.141.59', revision: 'e82be7d358', time: '2018-11-14T08:17:03'
System info: host: 'RAMYA-PC', ip: '172.19.80.1', os.name: 'Windows 10', os.arch: 'amd64', os.version: '10.0', java.version: '1.8.0_191'
Driver info: driver.version: ChromeDriver
remote stacktrace: Backtrace:
Ordinal0 [0x0037C0C3+3326147]
Ordinal0 [0x00260851+2164817]
Ordinal0 [0x000E7298+619160]
Ordinal0 [0x000DB17F+569727]
Ordinal0 [0x000DA421+566305]
Ordinal0 [0x000DA815+567317]
Ordinal0 [0x000DA135+565557]
Ordinal0 [0x000E38B1+604337]
Ordinal0 [0x000DA0F1+565489]
Ordinal0 [0x000DAEA2+568994]
Ordinal0 [0x000DA421+566305]
Ordinal0 [0x000DA815+567317]
Ordinal0 [0x000DA135+565557]
Ordinal0 [0x000E1D2C+597292]
Ordinal0 [0x000DA0F1+565489]
Ordinal0 [0x000DAEA2+568994]
Ordinal0 [0x000DA421+566305]
Ordinal0 [0x000DA815+567317]
Ordinal0 [0x000DA135+565557]
Ordinal0 [0x000DFE62+589410]
Ordinal0 [0x000DA0F1+565489]
Ordinal0 [0x000DAEA2+568994]
Ordinal0 [0x000DA421+566305]
Ordinal0 [0x000DA815+567317]
Ordinal0 [0x000DA135+565557]
Ordinal0 [0x000DF075+585845]
Ordinal0 [0x000DA0F1+565489]
Ordinal0 [0x000DAEA2+568994]
Ordinal0 [0x000DA421+566305]
Ordinal0 [0x000DA815+567317]
Ordinal0 [0x000DA135+565557]
Ordinal0 [0x000D6776+550774]
Ordinal0 [0x000DA0F1+565489]
Ordinal0 [0x000D9F13+565011]
Ordinal0 [0x000D9D07+564487]
Ordinal0 [0x000E82C0+623296]
Ordinal0 [0x00086BDD+224221]
Ordinal0 [0x00085CAC+220332]
Ordinal0 [0x0008189B+202907]
Ordinal0 [0x00063DF4+81396]
Ordinal0 [0x00064DEE+85486]
Ordinal0 [0x00064D79+85369]
Ordinal0 [0x002785DC+2262492]
GetHandleVerifier [0x00502874+1487204]
GetHandleVerifier [0x005023CD+1486013]
GetHandleVerifier [0x0050A368+1518680]
GetHandleVerifier [0x00502F4E+1488958]
Ordinal0 [0x0026ED0D+2223373]
Ordinal0 [0x0027A12B+2269483]
Ordinal0 [0x0027A26F+2269807]
Ordinal0 [0x0028ECB8+2354360]
BaseThreadInitThunk [0x768DFA29+25]
RtlGetAppContainerNamedObjectPath [0x776175F4+228]
RtlGetAppContainerNamedObjectPath [0x776175C4+180]
(No symbol) [0x00000000]
]]>
            </message>
            <full-stacktrace>
              <![CDATA[org.openqa.selenium.SessionNotCreatedException: session not created
from timeout: Timed out receiving message from renderer: 600.000
  (Session info: chrome=87.0.4280.88)
Build info: version: '3.141.59', revision: 'e82be7d358', time: '2018-11-14T08:17:03'
System info: host: 'RAMYA-PC', ip: '172.19.80.1', os.name: 'Windows 10', os.arch: 'amd64', os.version: '10.0', java.version: '1.8.0_191'
Driver info: driver.version: ChromeDriver
remote stacktrace: Backtrace:
Ordinal0 [0x0037C0C3+3326147]
Ordinal0 [0x00260851+2164817]
Ordinal0 [0x000E7298+619160]
Ordinal0 [0x000DB17F+569727]
Ordinal0 [0x000DA421+566305]
Ordinal0 [0x000DA815+567317]
Ordinal0 [0x000DA135+565557]
Ordinal0 [0x000E38B1+604337]
Ordinal0 [0x000DA0F1+565489]
Ordinal0 [0x000DAEA2+568994]
Ordinal0 [0x000DA421+566305]
Ordinal0 [0x000DA815+567317]
Ordinal0 [0x000DA135+565557]
Ordinal0 [0x000E1D2C+597292]
Ordinal0 [0x000DA0F1+565489]
Ordinal0 [0x000DAEA2+568994]
Ordinal0 [0x000DA421+566305]
Ordinal0 [0x000DA815+567317]
Ordinal0 [0x000DA135+565557]
Ordinal0 [0x000DFE62+589410]
Ordinal0 [0x000DA0F1+565489]
Ordinal0 [0x000DAEA2+568994]
Ordinal0 [0x000DA421+566305]
Ordinal0 [0x000DA815+567317]
Ordinal0 [0x000DA135+565557]
Ordinal0 [0x000DF075+585845]
Ordinal0 [0x000DA0F1+565489]
Ordinal0 [0x000DAEA2+568994]
Ordinal0 [0x000DA421+566305]
Ordinal0 [0x000DA815+567317]
Ordinal0 [0x000DA135+565557]
Ordinal0 [0x000D6776+550774]
Ordinal0 [0x000DA0F1+565489]
Ordinal0 [0x000D9F13+565011]
Ordinal0 [0x000D9D07+564487]
Ordinal0 [0x000E82C0+623296]
Ordinal0 [0x00086BDD+224221]
Ordinal0 [0x00085CAC+220332]
Ordinal0 [0x0008189B+202907]
Ordinal0 [0x00063DF4+81396]
Ordinal0 [0x00064DEE+85486]
Ordinal0 [0x00064D79+85369]
Ordinal0 [0x002785DC+2262492]
GetHandleVerifier [0x00502874+1487204]
GetHandleVerifier [0x005023CD+1486013]
GetHandleVerifier [0x0050A368+1518680]
GetHandleVerifier [0x00502F4E+1488958]
Ordinal0 [0x0026ED0D+2223373]
Ordinal0 [0x0027A12B+2269483]
Ordinal0 [0x0027A26F+2269807]
Ordinal0 [0x0028ECB8+2354360]
BaseThreadInitThunk [0x768DFA29+25]
RtlGetAppContainerNamedObjectPath [0x776175F4+228]
RtlGetAppContainerNamedObjectPath [0x776175C4+180]
(No symbol) [0x00000000]

at sun.reflect.NativeConstructorAccessorImpl.newInstance0(Native Method)
at sun.reflect.NativeConstructorAccessorImpl.newInstance(NativeConstructorAccessorImpl.java:62)
at sun.reflect.DelegatingConstructorAccessorImpl.newInstance(DelegatingConstructorAccessorImpl.java:45)
at java.lang.reflect.Constructor.newInstance(Constructor.java:423)
at org.openqa.selenium.remote.W3CHandshakeResponse.lambda$errorHandler$0(W3CHandshakeResponse.java:62)
at org.openqa.selenium.remote.HandshakeResponse.lambda$getResponseFunction$0(HandshakeResponse.java:30)
at org.openqa.selenium.remote.ProtocolHandshake.lambda$createSession$0(ProtocolHandshake.java:126)
at java.util.stream.ReferencePipeline$3$1.accept(ReferencePipeline.java:193)
at java.util.Spliterators$ArraySpliterator.tryAdvance(Spliterators.java:958)
at java.util.stream.ReferencePipeline.forEachWithCancel(ReferencePipeline.java:126)
at java.util.stream.AbstractPipeline.copyIntoWithCancel(AbstractPipeline.java:498)
at java.util.stream.AbstractPipeline.copyInto(AbstractPipeline.java:485)
at java.util.stream.AbstractPipeline.wrapAndCopyInto(AbstractPipeline.java:471)
at java.util.stream.FindOps$FindOp.evaluateSequential(FindOps.java:152)
at java.util.stream.AbstractPipeline.evaluate(AbstractPipeline.java:234)
at java.util.stream.ReferencePipeline.findFirst(ReferencePipeline.java:464)
at org.openqa.selenium.remote.ProtocolHandshake.createSession(ProtocolHandshake.java:128)
at org.openqa.selenium.remote.ProtocolHandshake.createSession(ProtocolHandshake.java:74)
at org.openqa.selenium.remote.HttpCommandExecutor.execute(HttpCommandExecutor.java:136)
at org.openqa.selenium.remote.service.DriverCommandExecutor.execute(DriverCommandExecutor.java:83)
at org.openqa.selenium.remote.RemoteWebDriver.execute(RemoteWebDriver.java:552)
at org.openqa.selenium.remote.RemoteWebDriver.startSession(RemoteWebDriver.java:213)
at org.openqa.selenium.remote.RemoteWebDriver.<init>(RemoteWebDriver.java:131)
at org.openqa.selenium.chrome.ChromeDriver.<init>(ChromeDriver.java:181)
at org.openqa.selenium.chrome.ChromeDriver.<init>(ChromeDriver.java:168)
at org.openqa.selenium.chrome.ChromeDriver.<init>(ChromeDriver.java:123)
at testCases.FreeCRMLogin.beforemethod(FreeCRMLogin.java:24)
at sun.reflect.NativeMethodAccessorImpl.invoke0(Native Method)
at sun.reflect.NativeMethodAccessorImpl.invoke(NativeMethodAccessorImpl.java:62)
at sun.reflect.DelegatingMethodAccessorImpl.invoke(DelegatingMethodAccessorImpl.java:43)
at java.lang.reflect.Method.invoke(Method.java:498)
at org.testng.internal.MethodInvocationHelper.invokeMethod(MethodInvocationHelper.java:124)
at org.testng.internal.MethodInvocationHelper.invokeMethodConsideringTimeout(MethodInvocationHelper.java:59)
at org.testng.internal.Invoker.invokeConfigurationMethod(Invoker.java:458)
at org.testng.internal.Invoker.invokeConfigurations(Invoker.java:222)
at org.testng.internal.Invoker.invokeConfigurations(Invoker.java:142)
at org.testng.TestRunner.beforeRun(TestRunner.java:529)
at org.testng.TestRunner.run(TestRunner.java:497)
at org.testng.SuiteRunner.runTest(SuiteRunner.java:455)
at org.testng.SuiteRunner.runSequentially(SuiteRunner.java:450)
at org.testng.SuiteRunner.privateRun(SuiteRunner.java:415)
at org.testng.SuiteRunner.run(SuiteRunner.java:364)
at org.testng.SuiteRunnerWorker.runSuite(SuiteRunnerWorker.java:52)
at org.testng.SuiteRunnerWorker.run(SuiteRunnerWorker.java:84)
at org.testng.TestNG.runSuitesSequentially(TestNG.java:1208)
at org.testng.TestNG.runSuitesLocally(TestNG.java:1137)
at org.testng.TestNG.runSuites(TestNG.java:1049)
at org.testng.TestNG.run(TestNG.java:1017)
at org.apache.maven.surefire.testng.TestNGExecutor.run(TestNGExecutor.java:177)
at org.apache.maven.surefire.testng.TestNGXmlTestSuite.execute(TestNGXmlTestSuite.java:92)
at org.apache.maven.surefire.testng.TestNGProvider.invoke(TestNGProvider.java:105)
at sun.reflect.NativeMethodAccessorImpl.invoke0(Native Method)
at sun.reflect.NativeMethodAccessorImpl.invoke(NativeMethodAccessorImpl.java:62)
at sun.reflect.DelegatingMethodAccessorImpl.invoke(DelegatingMethodAccessorImpl.java:43)
at java.lang.reflect.Method.invoke(Method.java:498)
at org.apache.maven.surefire.util.ReflectionUtils.invokeMethodWithArray(ReflectionUtils.java:189)
at org.apache.maven.surefire.booter.ProviderFactory$ProviderProxy.invoke(ProviderFactory.java:165)
at org.apache.maven.surefire.booter.ProviderFactory.invokeProvider(ProviderFactory.java:85)
at org.apache.maven.surefire.booter.ForkedBooter.runSuitesInProcess(ForkedBooter.java:103)
at org.apache.maven.surefire.booter.ForkedBooter.main(ForkedBooter.java:74)
]]>
            </full-stacktrace>
          </exception> <!-- org.openqa.selenium.SessionNotCreatedException -->
          <reporter-output>
          </reporter-output>
        </test-method> <!-- companiesLink -->
        <test-method status="SKIP" signature="logoff()[pri:0, instance:testCases.FreeCRMLogin@73f792cf]" name="logoff" is-config="true" duration-ms="0" started-at="2020-12-09T02:57:33Z" finished-at="2020-12-09T02:57:33Z">
          <reporter-output>
          </reporter-output>
        </test-method> <!-- logoff -->
        <test-method status="SKIP" signature="aftermethod()[pri:0, instance:testCases.FreeCRMLogin@73f792cf]" name="aftermethod" is-config="true" duration-ms="0" started-at="2020-12-09T02:57:33Z" finished-at="2020-12-09T02:57:33Z">
          <reporter-output>
          </reporter-output>
        </test-method> <!-- aftermethod -->
      </class> <!-- testCases.FreeCRMLogin -->
    </test> <!-- Test -->
  </suite> <!-- Suite -->
</testng-results>
